I0214 23:25:18.918774 37167 distributed.cpp:112] [0, 9408, 0, 0]
I0214 23:25:18.918795 37167 distributed.cpp:112] [1, 64, 0, 0]
I0214 23:25:18.918802 37167 distributed.cpp:112] [2, 4096, 0, 0]
I0214 23:25:18.918807 37167 distributed.cpp:112] [3, 64, 0, 0]
I0214 23:25:18.918812 37167 distributed.cpp:112] [4, 110592, 0, 0]
I0214 23:25:18.918818 37167 distributed.cpp:112] [5, 192, 0, 0]
I0214 23:25:18.918823 37167 distributed.cpp:112] [6, 12288, 0, 0]
I0214 23:25:18.918864 37167 distributed.cpp:112] [7, 64, 0, 0]
I0214 23:25:18.918869 37167 distributed.cpp:112] [8, 18432, 0, 0]
I0214 23:25:18.918874 37167 distributed.cpp:112] [9, 128, 0, 0]
I0214 23:25:18.918880 37167 distributed.cpp:112] [10, 110592, 0, 0]
I0214 23:25:18.918885 37167 distributed.cpp:112] [11, 128, 0, 0]
I0214 23:25:18.918890 37167 distributed.cpp:112] [12, 3072, 0, 0]
I0214 23:25:18.918895 37167 distributed.cpp:112] [13, 64, 0, 0]
I0214 23:25:18.918900 37167 distributed.cpp:112] [14, 12800, 0, 0]
I0214 23:25:18.918906 37167 distributed.cpp:112] [15, 64, 0, 0]
I0214 23:25:18.918911 37167 distributed.cpp:112] [16, 6144, 0, 0]
I0214 23:25:18.918916 37167 distributed.cpp:112] [17, 64, 0, 0]
I0214 23:25:18.918921 37167 distributed.cpp:112] [18, 32768, 0, 0]
I0214 23:25:18.918927 37167 distributed.cpp:112] [19, 128, 0, 0]
I0214 23:25:18.918932 37167 distributed.cpp:112] [20, 32768, 0, 0]
I0214 23:25:18.918937 37167 distributed.cpp:112] [21, 128, 0, 0]
I0214 23:25:18.918942 37167 distributed.cpp:112] [22, 221184, 0, 0]
I0214 23:25:18.918948 37167 distributed.cpp:112] [23, 192, 0, 0]
I0214 23:25:18.918953 37167 distributed.cpp:112] [24, 8192, 0, 0]
I0214 23:25:18.918958 37167 distributed.cpp:112] [25, 64, 0, 0]
I0214 23:25:18.918963 37167 distributed.cpp:112] [26, 76800, 0, 0]
I0214 23:25:18.918968 37167 distributed.cpp:112] [27, 128, 0, 0]
I0214 23:25:18.918973 37167 distributed.cpp:112] [28, 16384, 0, 0]
I0214 23:25:18.918979 37167 distributed.cpp:112] [29, 64, 0, 0]
I0214 23:25:18.918984 37167 distributed.cpp:112] [30, 92160, 0, 0]
I0214 23:25:18.918989 37167 distributed.cpp:112] [31, 192, 0, 0]
I0214 23:25:18.918994 37167 distributed.cpp:112] [32, 46080, 0, 0]
I0214 23:25:18.918999 37167 distributed.cpp:112] [33, 128, 0, 0]
I0214 23:25:18.919004 37167 distributed.cpp:112] [34, 179712, 0, 0]
I0214 23:25:18.919009 37167 distributed.cpp:112] [35, 256, 0, 0]
I0214 23:25:18.919015 37167 distributed.cpp:112] [36, 7680, 0, 0]
I0214 23:25:18.919020 37167 distributed.cpp:112] [37, 64, 0, 0]
I0214 23:25:18.919025 37167 distributed.cpp:112] [38, 19200, 0, 0]
I0214 23:25:18.919030 37167 distributed.cpp:112] [39, 64, 0, 0]
I0214 23:25:18.919035 37167 distributed.cpp:112] [40, 30720, 0, 0]
I0214 23:25:18.919040 37167 distributed.cpp:112] [41, 64, 0, 0]
I0214 23:25:18.919045 37167 distributed.cpp:112] [42, 65536, 0, 0]
I0214 23:25:18.919050 37167 distributed.cpp:112] [43, 128, 0, 0]
I0214 23:25:18.919056 37167 distributed.cpp:112] [44, 2097152, 0, 0]
I0214 23:25:18.919061 37167 distributed.cpp:112] [45, 1024, 0, 0]
I0214 23:25:18.919066 37167 distributed.cpp:112] [46, 1024000, 0, 0]
I0214 23:25:18.919071 37167 distributed.cpp:112] [47, 1024, 0, 0]
I0214 23:25:18.919076 37167 distributed.cpp:112] [48, 81920, 0, 0]
I0214 23:25:18.919081 37167 distributed.cpp:112] [49, 192, 0, 0]
I0214 23:25:18.919087 37167 distributed.cpp:112] [50, 57344, 0, 0]
I0214 23:25:18.919092 37167 distributed.cpp:112] [51, 128, 0, 0]
I0214 23:25:18.919097 37167 distributed.cpp:112] [52, 225792, 0, 0]
I0214 23:25:18.919102 37167 distributed.cpp:112] [53, 256, 0, 0]
I0214 23:25:18.919108 37167 distributed.cpp:112] [54, 12288, 0, 0]
I0214 23:25:18.919113 37167 distributed.cpp:112] [55, 64, 0, 0]
I0214 23:25:18.919118 37167 distributed.cpp:112] [56, 38400, 0, 0]
I0214 23:25:18.919124 37167 distributed.cpp:112] [57, 64, 0, 0]
I0214 23:25:18.919129 37167 distributed.cpp:112] [58, 32768, 0, 0]
I0214 23:25:18.919134 37167 distributed.cpp:112] [59, 64, 0, 0]
I0214 23:25:18.919139 37167 distributed.cpp:112] [60, 65536, 0, 0]
I0214 23:25:18.919144 37167 distributed.cpp:112] [61, 128, 0, 0]
I0214 23:25:18.919149 37167 distributed.cpp:112] [62, 65536, 0, 0]
I0214 23:25:18.919154 37167 distributed.cpp:112] [63, 128, 0, 0]
I0214 23:25:18.919159 37167 distributed.cpp:112] [64, 294912, 0, 0]
I0214 23:25:18.919164 37167 distributed.cpp:112] [65, 256, 0, 0]
I0214 23:25:18.919170 37167 distributed.cpp:112] [66, 12288, 0, 0]
I0214 23:25:18.919175 37167 distributed.cpp:112] [67, 64, 0, 0]
I0214 23:25:18.919180 37167 distributed.cpp:112] [68, 38400, 0, 0]
I0214 23:25:18.919190 37167 distributed.cpp:112] [69, 64, 0, 0]
I0214 23:25:18.919196 37167 distributed.cpp:112] [70, 32768, 0, 0]
I0214 23:25:18.919201 37167 distributed.cpp:112] [71, 64, 0, 0]
I0214 23:25:18.919206 37167 distributed.cpp:112] [72, 57344, 0, 0]
I0214 23:25:18.919211 37167 distributed.cpp:112] [73, 128, 0, 0]
I0214 23:25:18.919217 37167 distributed.cpp:112] [74, 73728, 0, 0]
I0214 23:25:18.919222 37167 distributed.cpp:112] [75, 192, 0, 0]
I0214 23:25:18.919227 37167 distributed.cpp:112] [76, 373248, 0, 0]
I0214 23:25:18.919232 37167 distributed.cpp:112] [77, 320, 0, 0]
I0214 23:25:18.919237 37167 distributed.cpp:112] [78, 16384, 0, 0]
I0214 23:25:18.919242 37167 distributed.cpp:112] [79, 64, 0, 0]
I0214 23:25:18.919247 37167 distributed.cpp:112] [80, 51200, 0, 0]
I0214 23:25:18.919252 37167 distributed.cpp:112] [81, 64, 0, 0]
I0214 23:25:18.919258 37167 distributed.cpp:112] [82, 32768, 0, 0]
I0214 23:25:18.919263 37167 distributed.cpp:112] [83, 64, 0, 0]
I0214 23:25:18.919268 37167 distributed.cpp:112] [84, 67584, 0, 0]
I0214 23:25:18.919273 37167 distributed.cpp:112] [85, 128, 0, 0]
I0214 23:25:18.919278 37167 distributed.cpp:112] [86, 2097152, 0, 0]
I0214 23:25:18.919283 37167 distributed.cpp:112] [87, 1024, 0, 0]
I0214 23:25:18.919288 37167 distributed.cpp:112] [88, 1024000, 0, 0]
I0214 23:25:18.919294 37167 distributed.cpp:112] [89, 1024, 0, 0]
I0214 23:25:18.919299 37167 distributed.cpp:112] [90, 135168, 0, 0]
I0214 23:25:18.919304 37167 distributed.cpp:112] [91, 256, 0, 0]
I0214 23:25:18.919309 37167 distributed.cpp:112] [92, 84480, 0, 0]
I0214 23:25:18.919314 37167 distributed.cpp:112] [93, 192, 0, 0]
I0214 23:25:18.919320 37167 distributed.cpp:112] [94, 460800, 0, 0]
I0214 23:25:18.919325 37167 distributed.cpp:112] [95, 320, 0, 0]
I0214 23:25:18.919330 37167 distributed.cpp:112] [96, 16896, 0, 0]
I0214 23:25:18.919339 37167 distributed.cpp:112] [97, 64, 0, 0]
I0214 23:25:18.919345 37167 distributed.cpp:112] [98, 102400, 0, 0]
I0214 23:25:18.919350 37167 distributed.cpp:112] [99, 128, 0, 0]
I0214 23:25:18.919355 37167 distributed.cpp:112] [100, 67584, 0, 0]
I0214 23:25:18.919361 37167 distributed.cpp:112] [101, 128, 0, 0]
I0214 23:25:18.919366 37167 distributed.cpp:112] [102, 212992, 0, 0]
I0214 23:25:18.919371 37167 distributed.cpp:112] [103, 256, 0, 0]
I0214 23:25:18.919376 37167 distributed.cpp:112] [104, 133120, 0, 0]
I0214 23:25:18.919381 37167 distributed.cpp:112] [105, 192, 0, 0]
I0214 23:25:18.919386 37167 distributed.cpp:112] [106, 460800, 0, 0]
I0214 23:25:18.919392 37167 distributed.cpp:112] [107, 320, 0, 0]
I0214 23:25:18.919397 37167 distributed.cpp:112] [108, 26624, 0, 0]
I0214 23:25:18.919402 37167 distributed.cpp:112] [109, 64, 0, 0]
I0214 23:25:18.919407 37167 distributed.cpp:112] [110, 102400, 0, 0]
I0214 23:25:18.919414 37167 distributed.cpp:112] [111, 128, 0, 0]
I0214 23:25:18.919419 37167 distributed.cpp:112] [112, 106496, 0, 0]
I0214 23:25:18.919423 37167 distributed.cpp:112] [113, 128, 0, 0]
I0214 23:25:18.919428 37167 distributed.cpp:112] [114, 319488, 0, 0]
I0214 23:25:18.919433 37167 distributed.cpp:112] [115, 384, 0, 0]
I0214 23:25:18.919438 37167 distributed.cpp:112] [116, 159744, 0, 0]
I0214 23:25:18.919443 37167 distributed.cpp:112] [117, 192, 0, 0]
I0214 23:25:18.919450 37167 distributed.cpp:112] [118, 663552, 0, 0]
I0214 23:25:18.919454 37167 distributed.cpp:112] [119, 384, 0, 0]
I0214 23:25:18.919459 37167 distributed.cpp:112] [120, 39936, 0, 0]
I0214 23:25:18.919464 37167 distributed.cpp:112] [121, 64, 0, 0]
I0214 23:25:18.919469 37167 distributed.cpp:112] [122, 153600, 0, 0]
I0214 23:25:18.919474 37167 distributed.cpp:112] [123, 128, 0, 0]
I0214 23:25:18.919481 37167 distributed.cpp:112] [124, 106496, 0, 0]
I0214 23:25:18.919486 37167 distributed.cpp:112] [125, 128, 0, 0]
I0214 23:25:18.919490 37167 distributed.cpp:112] [126, 1024000, 0, 0]
I0214 23:25:18.919495 37167 distributed.cpp:112] [127, 1024, 0, 0]
I0214 23:25:29.141575 37187 distributed.cpp:112] [0, 9408, 14690.2, 298]
I0214 23:25:29.141594 37187 distributed.cpp:112] [1, 64, 14690.2, 106]
I0214 23:25:29.141600 37187 distributed.cpp:112] [2, 4096, 4008.8, 224]
I0214 23:25:29.141605 37187 distributed.cpp:112] [3, 64, 4008.8, 99]
I0214 23:25:29.141613 37187 distributed.cpp:112] [4, 110592, 20741, 966]
I0214 23:25:29.141618 37187 distributed.cpp:112] [5, 192, 20741, 153]
I0214 23:25:29.141623 37187 distributed.cpp:112] [6, 12288, 2646.14, 336]
I0214 23:25:29.141629 37187 distributed.cpp:112] [7, 64, 2646.14, 103]
I0214 23:25:29.141634 37187 distributed.cpp:112] [8, 18432, 2910.69, 335]
I0214 23:25:29.141639 37187 distributed.cpp:112] [9, 128, 2910.69, 155]
I0214 23:25:29.141657 37187 distributed.cpp:112] [10, 110592, 6078.62, 1004]
I0214 23:25:29.141664 37187 distributed.cpp:112] [11, 128, 6078.62, 152]
I0214 23:25:29.141669 37187 distributed.cpp:112] [12, 3072, 1999.26, 267]
I0214 23:25:29.141674 37187 distributed.cpp:112] [13, 64, 1999.26, 127]
I0214 23:25:29.141695 37187 distributed.cpp:112] [14, 12800, 1125.95, 1195]
I0214 23:25:29.141701 37187 distributed.cpp:112] [15, 64, 1125.95, 115]
I0214 23:25:29.141706 37187 distributed.cpp:112] [16, 6144, 2082.05, 238]
I0214 23:25:29.141711 37187 distributed.cpp:112] [17, 64, 2082.05, 191]
I0214 23:25:29.141716 37187 distributed.cpp:112] [18, 32768, 4286.53, 512]
I0214 23:25:29.141722 37187 distributed.cpp:112] [19, 128, 4286.53, 148]
I0214 23:25:29.141727 37187 distributed.cpp:112] [20, 32768, 4273.25, 544]
I0214 23:25:29.141733 37187 distributed.cpp:112] [21, 128, 4273.25, 114]
I0214 23:25:29.141738 37187 distributed.cpp:112] [22, 221184, 7562.62, 1680]
I0214 23:25:29.141744 37187 distributed.cpp:112] [23, 192, 7562.62, 180]
I0214 23:25:29.141749 37187 distributed.cpp:112] [24, 8192, 2850.98, 238]
I0214 23:25:29.141754 37187 distributed.cpp:112] [25, 64, 2850.98, 140]
I0214 23:25:29.141759 37187 distributed.cpp:112] [26, 76800, 3121.92, 851]
I0214 23:25:29.141765 37187 distributed.cpp:112] [27, 128, 3121.92, 153]
I0214 23:25:29.141770 37187 distributed.cpp:112] [28, 16384, 3462.94, 352]
I0214 23:25:29.141775 37187 distributed.cpp:112] [29, 64, 3462.94, 1409]
I0214 23:25:29.141780 37187 distributed.cpp:112] [30, 92160, 4455.84, 924]
I0214 23:25:29.141785 37187 distributed.cpp:112] [31, 192, 4455.84, 1109]
I0214 23:25:29.141791 37187 distributed.cpp:112] [32, 46080, 2488.67, 963]
I0214 23:25:29.141796 37187 distributed.cpp:112] [33, 128, 2488.67, 175]
I0214 23:25:29.141801 37187 distributed.cpp:112] [34, 179712, 2956.06, 2112]
I0214 23:25:29.141808 37187 distributed.cpp:112] [35, 256, 2956.06, 135]
I0214 23:25:29.141813 37187 distributed.cpp:112] [36, 7680, 1561.25, 458]
I0214 23:25:29.141818 37187 distributed.cpp:112] [37, 64, 1561.25, 191]
I0214 23:25:29.141824 37187 distributed.cpp:112] [38, 19200, 880.288, 3128]
I0214 23:25:29.141829 37187 distributed.cpp:112] [39, 64, 880.288, 1645]
I0214 23:25:29.141834 37187 distributed.cpp:112] [40, 30720, 2339.58, 404]
I0214 23:25:29.141839 37187 distributed.cpp:112] [41, 64, 2339.58, 230]
I0214 23:25:29.141844 37187 distributed.cpp:112] [42, 65536, 1375.26, 2239]
I0214 23:25:29.141849 37187 distributed.cpp:112] [43, 128, 1375.26, 392]
I0214 23:25:29.141855 37187 distributed.cpp:112] [44, 2097152, 750.4, 14441]
I0214 23:25:29.141860 37187 distributed.cpp:112] [45, 1024, 750.4, 153]
I0214 23:25:29.141865 37187 distributed.cpp:112] [46, 1024000, 468.288, 6930]
I0214 23:25:29.141870 37187 distributed.cpp:112] [47, 1024, 468.288, 163]
I0214 23:25:29.141876 37187 distributed.cpp:112] [48, 81920, 3950.82, 851]
I0214 23:25:29.141882 37187 distributed.cpp:112] [49, 192, 3950.82, 132]
I0214 23:25:29.141887 37187 distributed.cpp:112] [50, 57344, 2744.03, 625]
I0214 23:25:29.141892 37187 distributed.cpp:112] [51, 128, 2744.03, 133]
I0214 23:25:29.141898 37187 distributed.cpp:112] [52, 225792, 3196.42, 1704]
I0214 23:25:29.141903 37187 distributed.cpp:112] [53, 256, 3196.42, 135]
I0214 23:25:29.141909 37187 distributed.cpp:112] [54, 12288, 1729.47, 280]
I0214 23:25:29.141914 37187 distributed.cpp:112] [55, 64, 1729.47, 113]
I0214 23:25:29.141919 37187 distributed.cpp:112] [56, 38400, 1444.8, 560]
I0214 23:25:29.141924 37187 distributed.cpp:112] [57, 64, 1444.8, 145]
I0214 23:25:29.141930 37187 distributed.cpp:112] [58, 32768, 2267.07, 499]
I0214 23:25:29.141935 37187 distributed.cpp:112] [59, 64, 2267.07, 153]
I0214 23:25:29.141942 37187 distributed.cpp:112] [60, 65536, 2943.81, 1700]
I0214 23:25:29.141947 37187 distributed.cpp:112] [61, 128, 2943.81, 118]
I0214 23:25:29.141952 37187 distributed.cpp:112] [62, 65536, 2979.04, 1476]
I0214 23:25:29.141958 37187 distributed.cpp:112] [63, 128, 2979.04, 104]
I0214 23:25:29.141963 37187 distributed.cpp:112] [64, 294912, 3415.14, 2125]
I0214 23:25:29.141969 37187 distributed.cpp:112] [65, 256, 3415.14, 109]
I0214 23:25:29.141975 37187 distributed.cpp:112] [66, 12288, 1794.5, 275]
I0214 23:25:29.141980 37187 distributed.cpp:112] [67, 64, 1794.5, 120]
I0214 23:25:29.141986 37187 distributed.cpp:112] [68, 38400, 1579.74, 538]
I0214 23:25:29.141996 37187 distributed.cpp:112] [69, 64, 1579.74, 138]
I0214 23:25:29.142002 37187 distributed.cpp:112] [70, 32768, 2254.56, 486]
I0214 23:25:29.142007 37187 distributed.cpp:112] [71, 64, 2254.56, 352]
I0214 23:25:29.142014 37187 distributed.cpp:112] [72, 57344, 3041.98, 627]
I0214 23:25:29.142019 37187 distributed.cpp:112] [73, 128, 3041.98, 119]
I0214 23:25:29.142024 37187 distributed.cpp:112] [74, 73728, 3714.85, 748]
I0214 23:25:29.142030 37187 distributed.cpp:112] [75, 192, 3714.85, 147]
I0214 23:25:29.142035 37187 distributed.cpp:112] [76, 373248, 4923.58, 3780]
I0214 23:25:29.142041 37187 distributed.cpp:112] [77, 320, 4923.58, 113]
I0214 23:25:29.142046 37187 distributed.cpp:112] [78, 16384, 1799.78, 293]
I0214 23:25:29.142052 37187 distributed.cpp:112] [79, 64, 1799.78, 162]
I0214 23:25:29.142057 37187 distributed.cpp:112] [80, 51200, 1537.82, 636]
I0214 23:25:29.142062 37187 distributed.cpp:112] [81, 64, 1537.82, 356]
I0214 23:25:29.142068 37187 distributed.cpp:112] [82, 32768, 2230.85, 2053]
I0214 23:25:29.142073 37187 distributed.cpp:112] [83, 64, 2230.85, 180]
I0214 23:25:29.142079 37187 distributed.cpp:112] [84, 67584, 1286.94, 973]
I0214 23:25:29.142086 37187 distributed.cpp:112] [85, 128, 1286.94, 122]
I0214 23:25:29.142091 37187 distributed.cpp:112] [86, 2097152, 714.112, 14563]
I0214 23:25:29.142097 37187 distributed.cpp:112] [87, 1024, 714.112, 153]
I0214 23:25:29.142102 37187 distributed.cpp:112] [88, 1024000, 464.032, 11550]
I0214 23:25:29.142107 37187 distributed.cpp:112] [89, 1024, 464.032, 280]
I0214 23:25:29.142113 37187 distributed.cpp:112] [90, 135168, 5598.43, 4081]
I0214 23:25:29.142119 37187 distributed.cpp:112] [91, 256, 5598.43, 127]
I0214 23:25:29.142124 37187 distributed.cpp:112] [92, 84480, 4277.63, 2491]
I0214 23:25:29.142130 37187 distributed.cpp:112] [93, 192, 4277.63, 213]
I0214 23:25:29.142135 37187 distributed.cpp:112] [94, 460800, 5262.59, 5667]
I0214 23:25:29.142141 37187 distributed.cpp:112] [95, 320, 5262.59, 110]
I0214 23:25:29.142146 37187 distributed.cpp:112] [96, 16896, 1800.03, 1795]
I0214 23:25:29.142151 37187 distributed.cpp:112] [97, 64, 1800.03, 187]
I0214 23:25:29.142156 37187 distributed.cpp:112] [98, 102400, 2585.47, 2415]
I0214 23:25:29.142163 37187 distributed.cpp:112] [99, 128, 2585.47, 121]
I0214 23:25:29.142168 37187 distributed.cpp:112] [100, 67584, 3236.06, 1930]
I0214 23:25:29.142174 37187 distributed.cpp:112] [101, 128, 3236.06, 113]
I0214 23:25:29.142179 37187 distributed.cpp:112] [102, 212992, 4127.9, 2674]
I0214 23:25:29.142185 37187 distributed.cpp:112] [103, 256, 4127.9, 711]
I0214 23:25:29.142190 37187 distributed.cpp:112] [104, 133120, 3092.26, 2838]
I0214 23:25:29.142197 37187 distributed.cpp:112] [105, 192, 3092.26, 161]
I0214 23:25:29.142204 37187 distributed.cpp:112] [106, 460800, 2116.29, 3759]
I0214 23:25:29.142208 37187 distributed.cpp:112] [107, 320, 2116.29, 115]
I0214 23:25:29.142215 37187 distributed.cpp:112] [108, 26624, 1230.05, 517]
I0214 23:25:29.142220 37187 distributed.cpp:112] [109, 64, 1230.05, 614]
I0214 23:25:29.142225 37187 distributed.cpp:112] [110, 102400, 1046.56, 907]
I0214 23:25:29.142230 37187 distributed.cpp:112] [111, 128, 1046.56, 185]
I0214 23:25:29.142235 37187 distributed.cpp:112] [112, 106496, 2355.1, 946]
I0214 23:25:29.142242 37187 distributed.cpp:112] [113, 128, 2355.1, 349]
I0214 23:25:29.142247 37187 distributed.cpp:112] [114, 319488, 2911.68, 3042]
I0214 23:25:29.142252 37187 distributed.cpp:112] [115, 384, 2911.68, 116]
I0214 23:25:29.142258 37187 distributed.cpp:112] [116, 159744, 3415.65, 2221]
I0214 23:25:29.142263 37187 distributed.cpp:112] [117, 192, 3415.65, 118]
I0214 23:25:29.142269 37187 distributed.cpp:112] [118, 663552, 2476.96, 4842]
I0214 23:25:29.142274 37187 distributed.cpp:112] [119, 384, 2476.96, 126]
I0214 23:25:29.142280 37187 distributed.cpp:112] [120, 39936, 1585.02, 1593]
I0214 23:25:29.142285 37187 distributed.cpp:112] [121, 64, 1585.02, 104]
I0214 23:25:29.142290 37187 distributed.cpp:112] [122, 153600, 1253.98, 1499]
I0214 23:25:29.142297 37187 distributed.cpp:112] [123, 128, 1253.98, 115]
I0214 23:25:29.142307 37187 distributed.cpp:112] [124, 106496, 2354.27, 990]
I0214 23:25:29.142314 37187 distributed.cpp:112] [125, 128, 2354.27, 179]
I0214 23:25:29.142319 37187 distributed.cpp:112] [126, 1024000, 473.44, 7973]
I0214 23:25:29.142325 37187 distributed.cpp:112] [127, 1024, 473.44, 146]
