I0215 13:53:13.350095 35781 distributed.cpp:112] [0, 9408, 14893.2, 15315, 641]
I0215 13:53:13.350116 35781 distributed.cpp:112] [1, 64, 14893.2, 0, 0]
I0215 13:53:13.350126 35781 distributed.cpp:112] [2, 4096, 4029.5, 3594, 0]
I0215 13:53:13.350141 35781 distributed.cpp:112] [3, 64, 4029.5, 0, 0]
I0215 13:53:13.350152 35781 distributed.cpp:112] [4, 110592, 20905.8, 16594, 2102]
I0215 13:53:13.350163 35781 distributed.cpp:112] [5, 192, 20905.8, 0, 0]
I0215 13:53:13.350173 35781 distributed.cpp:112] [6, 12288, 2664.54, 472, 0]
I0215 13:53:13.350186 35781 distributed.cpp:112] [7, 64, 2664.54, 0, 0]
I0215 13:53:13.350198 35781 distributed.cpp:112] [8, 18432, 2990.43, 3963, 0]
I0215 13:53:13.350209 35781 distributed.cpp:112] [9, 128, 2990.43, 0, 0]
I0215 13:53:13.350221 35781 distributed.cpp:112] [10, 110592, 6237.44, 7846, 2011]
I0215 13:53:13.350235 35781 distributed.cpp:112] [11, 128, 6237.44, 0, 0]
I0215 13:53:13.350248 35781 distributed.cpp:112] [12, 3072, 1981.7, 2035, 0]
I0215 13:53:13.350260 35781 distributed.cpp:112] [13, 64, 1981.7, 0, 0]
I0215 13:53:13.350271 35781 distributed.cpp:112] [14, 12800, 1131.36, 3531, 0]
I0215 13:53:13.350282 35781 distributed.cpp:112] [15, 64, 1131.36, 0, 0]
I0215 13:53:13.350296 35781 distributed.cpp:112] [16, 6144, 2073.22, 1073, 0]
I0215 13:53:13.350308 35781 distributed.cpp:112] [17, 64, 2073.22, 0, 0]
I0215 13:53:13.350319 35781 distributed.cpp:112] [18, 32768, 4291.01, 2226, 794]
I0215 13:53:13.350332 35781 distributed.cpp:112] [19, 128, 4291.01, 0, 0]
I0215 13:53:13.350343 35781 distributed.cpp:112] [20, 32768, 4558.75, 678, 727]
I0215 13:53:13.350355 35781 distributed.cpp:112] [21, 128, 4558.75, 0, 0]
I0215 13:53:13.350368 35781 distributed.cpp:112] [22, 221184, 8561.44, 2585, 2799]
I0215 13:53:13.350379 35781 distributed.cpp:112] [23, 192, 8561.44, 0, 0]
I0215 13:53:13.350389 35781 distributed.cpp:112] [24, 8192, 2692.96, 727, 0]
I0215 13:53:13.350401 35781 distributed.cpp:112] [25, 64, 2692.96, 0, 0]
I0215 13:53:13.350411 35781 distributed.cpp:112] [26, 76800, 3064.1, 1305, 1500]
I0215 13:53:13.350423 35781 distributed.cpp:112] [27, 128, 3064.1, 0, 0]
I0215 13:53:13.350433 35781 distributed.cpp:112] [28, 16384, 3322.78, 470, 0]
I0215 13:53:13.350443 35781 distributed.cpp:112] [29, 64, 3322.78, 0, 0]
I0215 13:53:13.350455 35781 distributed.cpp:112] [30, 92160, 4287.33, 1641, 1830]
I0215 13:53:13.350469 35781 distributed.cpp:112] [31, 192, 4287.33, 0, 0]
I0215 13:53:13.350479 35781 distributed.cpp:112] [32, 46080, 2582.05, 810, 1009]
I0215 13:53:13.350682 35781 distributed.cpp:112] [33, 128, 2582.05, 0, 0]
I0215 13:53:13.350692 35781 distributed.cpp:112] [34, 179712, 3000.86, 2206, 3276]
I0215 13:53:13.350702 35781 distributed.cpp:112] [35, 256, 3000.86, 0, 0]
I0215 13:53:13.350709 35781 distributed.cpp:112] [36, 7680, 1543.42, 2136, 0]
I0215 13:53:13.350719 35781 distributed.cpp:112] [37, 64, 1543.42, 51, 1141]
I0215 13:53:13.350729 35781 distributed.cpp:112] [38, 19200, 910.976, 1503, 2269]
I0215 13:53:13.350740 35781 distributed.cpp:112] [39, 64, 910.976, 0, 0]
I0215 13:53:13.350749 35781 distributed.cpp:112] [40, 30720, 2184.86, 1096, 0]
I0215 13:53:13.350757 35781 distributed.cpp:112] [41, 64, 2184.86, 0, 0]
I0215 13:53:13.350766 35781 distributed.cpp:112] [42, 65536, 1330.02, 6757, 2728]
I0215 13:53:13.350777 35781 distributed.cpp:112] [43, 128, 1330.02, 0, 0]
I0215 13:53:13.350786 35781 distributed.cpp:112] [44, 2097152, 713.184, 25429, 24809]
I0215 13:53:13.350796 35781 distributed.cpp:112] [45, 1024, 713.184, 0, 0]
I0215 13:53:13.350805 35781 distributed.cpp:112] [46, 1024000, 466.016, 9691, 9700]
I0215 13:53:13.350816 35781 distributed.cpp:112] [47, 1024, 466.016, 0, 0]
I0215 13:53:13.350823 35781 distributed.cpp:112] [48, 81920, 4027.9, 4388, 1572]
I0215 13:53:13.350842 35781 distributed.cpp:112] [49, 192, 4027.9, 0, 0]
I0215 13:53:13.350852 35781 distributed.cpp:112] [50, 57344, 2759.68, 989, 1015]
I0215 13:53:13.350859 35781 distributed.cpp:112] [51, 128, 2759.68, 0, 0]
I0215 13:53:13.350867 35781 distributed.cpp:112] [52, 225792, 3163.81, 2757, 3548]
I0215 13:53:13.350877 35781 distributed.cpp:112] [53, 256, 3163.81, 0, 0]
I0215 13:53:13.350885 35781 distributed.cpp:112] [54, 12288, 1734.53, 1210, 0]
I0215 13:53:13.350893 35781 distributed.cpp:112] [55, 64, 1734.53, 0, 0]
I0215 13:53:13.350901 35781 distributed.cpp:112] [56, 38400, 1501.63, 995, 1621]
I0215 13:53:13.350911 35781 distributed.cpp:112] [57, 64, 1501.63, 0, 0]
I0215 13:53:13.350919 35781 distributed.cpp:112] [58, 32768, 2262.66, 1254, 881]
I0215 13:53:13.350929 35781 distributed.cpp:112] [59, 64, 2262.66, 0, 0]
I0215 13:53:13.350937 35781 distributed.cpp:112] [60, 65536, 3235.2, 1343, 1733]
I0215 13:53:13.350945 35781 distributed.cpp:112] [61, 128, 3235.2, 0, 0]
I0215 13:53:13.350953 35781 distributed.cpp:112] [62, 65536, 3223.01, 1633, 1428]
I0215 13:53:13.350961 35781 distributed.cpp:112] [63, 128, 3223.01, 0, 0]
I0215 13:53:13.350970 35781 distributed.cpp:112] [64, 294912, 3353.95, 3140, 3203]
I0215 13:53:13.350978 35781 distributed.cpp:112] [65, 256, 3353.95, 0, 0]
I0215 13:53:13.350987 35781 distributed.cpp:112] [66, 12288, 1784.58, 457, 0]
I0215 13:53:13.350996 35781 distributed.cpp:112] [67, 64, 1784.58, 0, 0]
I0215 13:53:13.351006 35781 distributed.cpp:112] [68, 38400, 1447.42, 731, 789]
I0215 13:53:13.351016 35781 distributed.cpp:112] [69, 64, 1447.42, 0, 0]
I0215 13:53:13.351024 35781 distributed.cpp:112] [70, 32768, 2258.4, 1026, 1134]
I0215 13:53:13.351033 35781 distributed.cpp:112] [71, 64, 2258.4, 0, 0]
I0215 13:53:13.351042 35781 distributed.cpp:112] [72, 57344, 2713.31, 991, 1129]
I0215 13:53:13.351050 35781 distributed.cpp:112] [73, 128, 2713.31, 0, 0]
I0215 13:53:13.351058 35781 distributed.cpp:112] [74, 73728, 3877.79, 1546, 1457]
I0215 13:53:13.351068 35781 distributed.cpp:112] [75, 192, 3877.79, 0, 0]
I0215 13:53:13.351076 35781 distributed.cpp:112] [76, 373248, 4906.82, 4793, 4239]
I0215 13:53:13.351085 35781 distributed.cpp:112] [77, 320, 4906.82, 0, 0]
I0215 13:53:13.351092 35781 distributed.cpp:112] [78, 16384, 1891.04, 567, 0]
I0215 13:53:13.351101 35781 distributed.cpp:112] [79, 64, 1891.04, 0, 0]
I0215 13:53:13.351109 35781 distributed.cpp:112] [80, 51200, 1515.84, 1265, 930]
I0215 13:53:13.351117 35781 distributed.cpp:112] [81, 64, 1515.84, 0, 0]
I0215 13:53:13.351126 35781 distributed.cpp:112] [82, 32768, 2289.47, 1220, 913]
I0215 13:53:13.351135 35781 distributed.cpp:112] [83, 64, 2289.47, 0, 0]
I0215 13:53:13.351142 35781 distributed.cpp:112] [84, 67584, 1367.36, 5133, 4866]
I0215 13:53:13.351151 35781 distributed.cpp:112] [85, 128, 1367.36, 0, 0]
I0215 13:53:13.351158 35781 distributed.cpp:112] [86, 2097152, 709.28, 24612, 26086]
I0215 13:53:13.351168 35781 distributed.cpp:112] [87, 1024, 709.28, 0, 0]
I0215 13:53:13.351176 35781 distributed.cpp:112] [88, 1024000, 463.232, 9374, 9542]
I0215 13:53:13.351184 35781 distributed.cpp:112] [89, 1024, 463.232, 0, 0]
I0215 13:53:13.351193 35781 distributed.cpp:112] [90, 135168, 5688.67, 5967, 2153]
I0215 13:53:13.351202 35781 distributed.cpp:112] [91, 256, 5688.67, 0, 0]
I0215 13:53:13.351209 35781 distributed.cpp:112] [92, 84480, 4356.22, 1905, 1523]
I0215 13:53:13.351230 35781 distributed.cpp:112] [93, 192, 4356.22, 0, 0]
I0215 13:53:13.351238 35781 distributed.cpp:112] [94, 460800, 5129.44, 5736, 4573]
I0215 13:53:13.351246 35781 distributed.cpp:112] [95, 320, 5129.44, 0, 0]
I0215 13:53:13.351254 35781 distributed.cpp:112] [96, 16896, 1793.98, 1484, 0]
I0215 13:53:13.351264 35781 distributed.cpp:112] [97, 64, 1793.98, 0, 0]
I0215 13:53:13.351272 35781 distributed.cpp:112] [98, 102400, 2591.78, 2317, 1533]
I0215 13:53:13.351281 35781 distributed.cpp:112] [99, 128, 2591.78, 0, 0]
I0215 13:53:13.351291 35781 distributed.cpp:112] [100, 67584, 3251.68, 1448, 1844]
I0215 13:53:13.351300 35781 distributed.cpp:112] [101, 128, 3251.68, 0, 0]
I0215 13:53:13.351317 35781 distributed.cpp:112] [102, 212992, 3946.37, 2858, 2625]
I0215 13:53:13.351327 35781 distributed.cpp:112] [103, 256, 3946.37, 0, 0]
I0215 13:53:13.351336 35781 distributed.cpp:112] [104, 133120, 3112.45, 1845, 2196]
I0215 13:53:13.351344 35781 distributed.cpp:112] [105, 192, 3112.45, 0, 0]
I0215 13:53:13.351351 35781 distributed.cpp:112] [106, 460800, 2052.38, 5548, 4699]
I0215 13:53:13.351361 35781 distributed.cpp:112] [107, 320, 2052.38, 0, 0]
I0215 13:53:13.351368 35781 distributed.cpp:112] [108, 26624, 1186.56, 700, 0]
I0215 13:53:13.351377 35781 distributed.cpp:112] [109, 64, 1186.56, 0, 0]
I0215 13:53:13.351384 35781 distributed.cpp:112] [110, 102400, 1473.38, 2164, 1654]
I0215 13:53:13.351392 35781 distributed.cpp:112] [111, 128, 1473.38, 0, 0]
I0215 13:53:13.351400 35781 distributed.cpp:112] [112, 106496, 2399.23, 1836, 1821]
I0215 13:53:13.351409 35781 distributed.cpp:112] [113, 128, 2399.23, 0, 0]
I0215 13:53:13.351418 35781 distributed.cpp:112] [114, 319488, 2824.67, 3920, 3383]
I0215 13:53:13.351425 35781 distributed.cpp:112] [115, 384, 2824.67, 0, 0]
I0215 13:53:13.351433 35781 distributed.cpp:112] [116, 159744, 3398.72, 2383, 2931]
I0215 13:53:13.351442 35781 distributed.cpp:112] [117, 192, 3398.72, 0, 0]
I0215 13:53:13.351449 35781 distributed.cpp:112] [118, 663552, 2363.1, 6348, 6788]
I0215 13:53:13.351459 35781 distributed.cpp:112] [119, 384, 2363.1, 0, 0]
I0215 13:53:13.351466 35781 distributed.cpp:112] [120, 39936, 1421.98, 746, 1037]
I0215 13:53:13.351476 35781 distributed.cpp:112] [121, 64, 1421.98, 0, 0]
I0215 13:53:13.351485 35781 distributed.cpp:112] [122, 153600, 1251.23, 2249, 2612]
I0215 13:53:13.351498 35781 distributed.cpp:112] [123, 128, 1251.23, 0, 0]
I0215 13:53:13.351506 35781 distributed.cpp:112] [124, 106496, 2344.32, 2050, 1580]
I0215 13:53:13.351516 35781 distributed.cpp:112] [125, 128, 2344.32, 0, 0]
I0215 13:53:13.351523 35781 distributed.cpp:112] [126, 1024000, 468.992, 22894, 10343]
I0215 13:53:13.351532 35781 distributed.cpp:112] [127, 1024, 468.992, 0, 0]
