I0214 23:26:59.564895 37567 distributed.cpp:112] [0, 9408, 0, 0]
I0214 23:26:59.564918 37567 distributed.cpp:112] [1, 64, 0, 0]
I0214 23:26:59.564924 37567 distributed.cpp:112] [2, 4096, 0, 0]
I0214 23:26:59.564929 37567 distributed.cpp:112] [3, 64, 0, 0]
I0214 23:26:59.564934 37567 distributed.cpp:112] [4, 110592, 0, 0]
I0214 23:26:59.564940 37567 distributed.cpp:112] [5, 192, 0, 0]
I0214 23:26:59.564945 37567 distributed.cpp:112] [6, 12288, 0, 0]
I0214 23:26:59.564986 37567 distributed.cpp:112] [7, 64, 0, 0]
I0214 23:26:59.564992 37567 distributed.cpp:112] [8, 18432, 0, 0]
I0214 23:26:59.564997 37567 distributed.cpp:112] [9, 128, 0, 0]
I0214 23:26:59.565002 37567 distributed.cpp:112] [10, 110592, 0, 0]
I0214 23:26:59.565007 37567 distributed.cpp:112] [11, 128, 0, 0]
I0214 23:26:59.565012 37567 distributed.cpp:112] [12, 3072, 0, 0]
I0214 23:26:59.565017 37567 distributed.cpp:112] [13, 64, 0, 0]
I0214 23:26:59.565023 37567 distributed.cpp:112] [14, 12800, 0, 0]
I0214 23:26:59.565028 37567 distributed.cpp:112] [15, 64, 0, 0]
I0214 23:26:59.565033 37567 distributed.cpp:112] [16, 6144, 0, 0]
I0214 23:26:59.565038 37567 distributed.cpp:112] [17, 64, 0, 0]
I0214 23:26:59.565043 37567 distributed.cpp:112] [18, 32768, 0, 0]
I0214 23:26:59.565048 37567 distributed.cpp:112] [19, 128, 0, 0]
I0214 23:26:59.565053 37567 distributed.cpp:112] [20, 32768, 0, 0]
I0214 23:26:59.565058 37567 distributed.cpp:112] [21, 128, 0, 0]
I0214 23:26:59.565063 37567 distributed.cpp:112] [22, 221184, 0, 0]
I0214 23:26:59.565068 37567 distributed.cpp:112] [23, 192, 0, 0]
I0214 23:26:59.565073 37567 distributed.cpp:112] [24, 8192, 0, 0]
I0214 23:26:59.565078 37567 distributed.cpp:112] [25, 64, 0, 0]
I0214 23:26:59.565083 37567 distributed.cpp:112] [26, 76800, 0, 0]
I0214 23:26:59.565088 37567 distributed.cpp:112] [27, 128, 0, 0]
I0214 23:26:59.565093 37567 distributed.cpp:112] [28, 16384, 0, 0]
I0214 23:26:59.565099 37567 distributed.cpp:112] [29, 64, 0, 0]
I0214 23:26:59.565104 37567 distributed.cpp:112] [30, 92160, 0, 0]
I0214 23:26:59.565109 37567 distributed.cpp:112] [31, 192, 0, 0]
I0214 23:26:59.565114 37567 distributed.cpp:112] [32, 46080, 0, 0]
I0214 23:26:59.565119 37567 distributed.cpp:112] [33, 128, 0, 0]
I0214 23:26:59.565124 37567 distributed.cpp:112] [34, 179712, 0, 0]
I0214 23:26:59.565129 37567 distributed.cpp:112] [35, 256, 0, 0]
I0214 23:26:59.565135 37567 distributed.cpp:112] [36, 7680, 0, 0]
I0214 23:26:59.565140 37567 distributed.cpp:112] [37, 64, 0, 0]
I0214 23:26:59.565145 37567 distributed.cpp:112] [38, 19200, 0, 0]
I0214 23:26:59.565150 37567 distributed.cpp:112] [39, 64, 0, 0]
I0214 23:26:59.565155 37567 distributed.cpp:112] [40, 30720, 0, 0]
I0214 23:26:59.565160 37567 distributed.cpp:112] [41, 64, 0, 0]
I0214 23:26:59.565165 37567 distributed.cpp:112] [42, 65536, 0, 0]
I0214 23:26:59.565170 37567 distributed.cpp:112] [43, 128, 0, 0]
I0214 23:26:59.565174 37567 distributed.cpp:112] [44, 2097152, 0, 0]
I0214 23:26:59.565179 37567 distributed.cpp:112] [45, 1024, 0, 0]
I0214 23:26:59.565184 37567 distributed.cpp:112] [46, 1024000, 0, 0]
I0214 23:26:59.565189 37567 distributed.cpp:112] [47, 1024, 0, 0]
I0214 23:26:59.565194 37567 distributed.cpp:112] [48, 81920, 0, 0]
I0214 23:26:59.565199 37567 distributed.cpp:112] [49, 192, 0, 0]
I0214 23:26:59.565204 37567 distributed.cpp:112] [50, 57344, 0, 0]
I0214 23:26:59.565210 37567 distributed.cpp:112] [51, 128, 0, 0]
I0214 23:26:59.565215 37567 distributed.cpp:112] [52, 225792, 0, 0]
I0214 23:26:59.565220 37567 distributed.cpp:112] [53, 256, 0, 0]
I0214 23:26:59.565225 37567 distributed.cpp:112] [54, 12288, 0, 0]
I0214 23:26:59.565230 37567 distributed.cpp:112] [55, 64, 0, 0]
I0214 23:26:59.565235 37567 distributed.cpp:112] [56, 38400, 0, 0]
I0214 23:26:59.565240 37567 distributed.cpp:112] [57, 64, 0, 0]
I0214 23:26:59.565245 37567 distributed.cpp:112] [58, 32768, 0, 0]
I0214 23:26:59.565250 37567 distributed.cpp:112] [59, 64, 0, 0]
I0214 23:26:59.565255 37567 distributed.cpp:112] [60, 65536, 0, 0]
I0214 23:26:59.565260 37567 distributed.cpp:112] [61, 128, 0, 0]
I0214 23:26:59.565265 37567 distributed.cpp:112] [62, 65536, 0, 0]
I0214 23:26:59.565270 37567 distributed.cpp:112] [63, 128, 0, 0]
I0214 23:26:59.565275 37567 distributed.cpp:112] [64, 294912, 0, 0]
I0214 23:26:59.565280 37567 distributed.cpp:112] [65, 256, 0, 0]
I0214 23:26:59.565285 37567 distributed.cpp:112] [66, 12288, 0, 0]
I0214 23:26:59.565290 37567 distributed.cpp:112] [67, 64, 0, 0]
I0214 23:26:59.565295 37567 distributed.cpp:112] [68, 38400, 0, 0]
I0214 23:26:59.565305 37567 distributed.cpp:112] [69, 64, 0, 0]
I0214 23:26:59.565311 37567 distributed.cpp:112] [70, 32768, 0, 0]
I0214 23:26:59.565316 37567 distributed.cpp:112] [71, 64, 0, 0]
I0214 23:26:59.565321 37567 distributed.cpp:112] [72, 57344, 0, 0]
I0214 23:26:59.565326 37567 distributed.cpp:112] [73, 128, 0, 0]
I0214 23:26:59.565331 37567 distributed.cpp:112] [74, 73728, 0, 0]
I0214 23:26:59.565336 37567 distributed.cpp:112] [75, 192, 0, 0]
I0214 23:26:59.565341 37567 distributed.cpp:112] [76, 373248, 0, 0]
I0214 23:26:59.565346 37567 distributed.cpp:112] [77, 320, 0, 0]
I0214 23:26:59.565351 37567 distributed.cpp:112] [78, 16384, 0, 0]
I0214 23:26:59.565356 37567 distributed.cpp:112] [79, 64, 0, 0]
I0214 23:26:59.565361 37567 distributed.cpp:112] [80, 51200, 0, 0]
I0214 23:26:59.565366 37567 distributed.cpp:112] [81, 64, 0, 0]
I0214 23:26:59.565371 37567 distributed.cpp:112] [82, 32768, 0, 0]
I0214 23:26:59.565376 37567 distributed.cpp:112] [83, 64, 0, 0]
I0214 23:26:59.565382 37567 distributed.cpp:112] [84, 67584, 0, 0]
I0214 23:26:59.565385 37567 distributed.cpp:112] [85, 128, 0, 0]
I0214 23:26:59.565390 37567 distributed.cpp:112] [86, 2097152, 0, 0]
I0214 23:26:59.565395 37567 distributed.cpp:112] [87, 1024, 0, 0]
I0214 23:26:59.565400 37567 distributed.cpp:112] [88, 1024000, 0, 0]
I0214 23:26:59.565405 37567 distributed.cpp:112] [89, 1024, 0, 0]
I0214 23:26:59.565410 37567 distributed.cpp:112] [90, 135168, 0, 0]
I0214 23:26:59.565415 37567 distributed.cpp:112] [91, 256, 0, 0]
I0214 23:26:59.565420 37567 distributed.cpp:112] [92, 84480, 0, 0]
I0214 23:26:59.565425 37567 distributed.cpp:112] [93, 192, 0, 0]
I0214 23:26:59.565430 37567 distributed.cpp:112] [94, 460800, 0, 0]
I0214 23:26:59.565435 37567 distributed.cpp:112] [95, 320, 0, 0]
I0214 23:26:59.565440 37567 distributed.cpp:112] [96, 16896, 0, 0]
I0214 23:26:59.565445 37567 distributed.cpp:112] [97, 64, 0, 0]
I0214 23:26:59.565450 37567 distributed.cpp:112] [98, 102400, 0, 0]
I0214 23:26:59.565455 37567 distributed.cpp:112] [99, 128, 0, 0]
I0214 23:26:59.565460 37567 distributed.cpp:112] [100, 67584, 0, 0]
I0214 23:26:59.565465 37567 distributed.cpp:112] [101, 128, 0, 0]
I0214 23:26:59.565470 37567 distributed.cpp:112] [102, 212992, 0, 0]
I0214 23:26:59.565475 37567 distributed.cpp:112] [103, 256, 0, 0]
I0214 23:26:59.565480 37567 distributed.cpp:112] [104, 133120, 0, 0]
I0214 23:26:59.565490 37567 distributed.cpp:112] [105, 192, 0, 0]
I0214 23:26:59.565495 37567 distributed.cpp:112] [106, 460800, 0, 0]
I0214 23:26:59.565500 37567 distributed.cpp:112] [107, 320, 0, 0]
I0214 23:26:59.565505 37567 distributed.cpp:112] [108, 26624, 0, 0]
I0214 23:26:59.565510 37567 distributed.cpp:112] [109, 64, 0, 0]
I0214 23:26:59.565515 37567 distributed.cpp:112] [110, 102400, 0, 0]
I0214 23:26:59.565521 37567 distributed.cpp:112] [111, 128, 0, 0]
I0214 23:26:59.565526 37567 distributed.cpp:112] [112, 106496, 0, 0]
I0214 23:26:59.565531 37567 distributed.cpp:112] [113, 128, 0, 0]
I0214 23:26:59.565536 37567 distributed.cpp:112] [114, 319488, 0, 0]
I0214 23:26:59.565541 37567 distributed.cpp:112] [115, 384, 0, 0]
I0214 23:26:59.565546 37567 distributed.cpp:112] [116, 159744, 0, 0]
I0214 23:26:59.565551 37567 distributed.cpp:112] [117, 192, 0, 0]
I0214 23:26:59.565556 37567 distributed.cpp:112] [118, 663552, 0, 0]
I0214 23:26:59.565560 37567 distributed.cpp:112] [119, 384, 0, 0]
I0214 23:26:59.565564 37567 distributed.cpp:112] [120, 39936, 0, 0]
I0214 23:26:59.565569 37567 distributed.cpp:112] [121, 64, 0, 0]
I0214 23:26:59.565574 37567 distributed.cpp:112] [122, 153600, 0, 0]
I0214 23:26:59.565580 37567 distributed.cpp:112] [123, 128, 0, 0]
I0214 23:26:59.565585 37567 distributed.cpp:112] [124, 106496, 0, 0]
I0214 23:26:59.565589 37567 distributed.cpp:112] [125, 128, 0, 0]
I0214 23:26:59.565594 37567 distributed.cpp:112] [126, 1024000, 0, 0]
I0214 23:26:59.565599 37567 distributed.cpp:112] [127, 1024, 0, 0]
I0214 23:27:10.521766 37579 distributed.cpp:112] [0, 9408, 14839.9, 458]
I0214 23:27:10.521791 37579 distributed.cpp:112] [1, 64, 14839.9, 145]
I0214 23:27:10.521801 37579 distributed.cpp:112] [2, 4096, 4050.5, 387]
I0214 23:27:10.521811 37579 distributed.cpp:112] [3, 64, 4050.5, 175]
I0214 23:27:10.521826 37579 distributed.cpp:112] [4, 110592, 20967.2, 1565]
I0214 23:27:10.521831 37579 distributed.cpp:112] [5, 192, 20967.2, 219]
I0214 23:27:10.521836 37579 distributed.cpp:112] [6, 12288, 2657.06, 499]
I0214 23:27:10.521842 37579 distributed.cpp:112] [7, 64, 2657.06, 157]
I0214 23:27:10.521847 37579 distributed.cpp:112] [8, 18432, 3074.94, 955]
I0214 23:27:10.521852 37579 distributed.cpp:112] [9, 128, 3074.94, 177]
I0214 23:27:10.521855 37579 distributed.cpp:112] [10, 110592, 6237.44, 1788]
I0214 23:27:10.521860 37579 distributed.cpp:112] [11, 128, 6237.44, 226]
I0214 23:27:10.521865 37579 distributed.cpp:112] [12, 3072, 1966.53, 368]
I0214 23:27:10.521870 37579 distributed.cpp:112] [13, 64, 1966.53, 177]
I0214 23:27:10.521874 37579 distributed.cpp:112] [14, 12800, 1141.76, 482]
I0214 23:27:10.521891 37579 distributed.cpp:112] [15, 64, 1141.76, 176]
I0214 23:27:10.521896 37579 distributed.cpp:112] [16, 6144, 2062.3, 631]
I0214 23:27:10.521901 37579 distributed.cpp:112] [17, 64, 2062.3, 251]
I0214 23:27:10.521906 37579 distributed.cpp:112] [18, 32768, 4602.72, 831]
I0214 23:27:10.521911 37579 distributed.cpp:112] [19, 128, 4602.72, 180]
I0214 23:27:10.521915 37579 distributed.cpp:112] [20, 32768, 4302.5, 660]
I0214 23:27:10.521920 37579 distributed.cpp:112] [21, 128, 4302.5, 211]
I0214 23:27:10.521924 37579 distributed.cpp:112] [22, 221184, 7689.92, 2674]
I0214 23:27:10.521929 37579 distributed.cpp:112] [23, 192, 7689.92, 177]
I0214 23:27:10.521934 37579 distributed.cpp:112] [24, 8192, 2720.9, 587]
I0214 23:27:10.521939 37579 distributed.cpp:112] [25, 64, 2720.9, 241]
I0214 23:27:10.521944 37579 distributed.cpp:112] [26, 76800, 3114.34, 1302]
I0214 23:27:10.521948 37579 distributed.cpp:112] [27, 128, 3114.34, 300]
I0214 23:27:10.521953 37579 distributed.cpp:112] [28, 16384, 3391.17, 488]
I0214 23:27:10.521958 37579 distributed.cpp:112] [29, 64, 3391.17, 164]
I0214 23:27:10.521962 37579 distributed.cpp:112] [30, 92160, 4264.61, 1630]
I0214 23:27:10.521967 37579 distributed.cpp:112] [31, 192, 4264.61, 193]
I0214 23:27:10.521972 37579 distributed.cpp:112] [32, 46080, 2599.78, 10521]
I0214 23:27:10.521976 37579 distributed.cpp:112] [33, 128, 2599.78, 8346]
I0214 23:27:10.521981 37579 distributed.cpp:112] [34, 179712, 3544.99, 2467]
I0214 23:27:10.521986 37579 distributed.cpp:112] [35, 256, 3544.99, 153]
I0214 23:27:10.521991 37579 distributed.cpp:112] [36, 7680, 1662.72, 562]
I0214 23:27:10.521996 37579 distributed.cpp:112] [37, 64, 1662.72, 931]
I0214 23:27:10.522001 37579 distributed.cpp:112] [38, 19200, 923.52, 774]
I0214 23:27:10.522006 37579 distributed.cpp:112] [39, 64, 923.52, 2470]
I0214 23:27:10.522009 37579 distributed.cpp:112] [40, 30720, 2203.87, 5053]
I0214 23:27:10.522014 37579 distributed.cpp:112] [41, 64, 2203.87, 2194]
I0214 23:27:10.522019 37579 distributed.cpp:112] [42, 65536, 1382.69, 2156]
I0214 23:27:10.522023 37579 distributed.cpp:112] [43, 128, 1382.69, 2566]
I0214 23:27:10.522028 37579 distributed.cpp:112] [44, 2097152, 710.304, 27557]
I0214 23:27:10.522033 37579 distributed.cpp:112] [45, 1024, 710.304, 3531]
I0214 23:27:10.522038 37579 distributed.cpp:112] [46, 1024000, 805.6, 10467]
I0214 23:27:10.522043 37579 distributed.cpp:112] [47, 1024, 805.6, 324]
I0214 23:27:10.522047 37579 distributed.cpp:112] [48, 81920, 3967.68, 2444]
I0214 23:27:10.522053 37579 distributed.cpp:112] [49, 192, 3967.68, 527]
I0214 23:27:10.522058 37579 distributed.cpp:112] [50, 57344, 3312.83, 3536]
I0214 23:27:10.522061 37579 distributed.cpp:112] [51, 128, 3312.83, 316]
I0214 23:27:10.522066 37579 distributed.cpp:112] [52, 225792, 3158.34, 4211]
I0214 23:27:10.522071 37579 distributed.cpp:112] [53, 256, 3158.34, 372]
I0214 23:27:10.522075 37579 distributed.cpp:112] [54, 12288, 1785.76, 472]
I0214 23:27:10.522080 37579 distributed.cpp:112] [55, 64, 1785.76, 178]
I0214 23:27:10.522085 37579 distributed.cpp:112] [56, 38400, 4084.93, 801]
I0214 23:27:10.522089 37579 distributed.cpp:112] [57, 64, 4084.93, 2983]
I0214 23:27:10.522094 37579 distributed.cpp:112] [58, 32768, 2755.68, 849]
I0214 23:27:10.522099 37579 distributed.cpp:112] [59, 64, 2755.68, 376]
I0214 23:27:10.522104 37579 distributed.cpp:112] [60, 65536, 2975.3, 3197]
I0214 23:27:10.522109 37579 distributed.cpp:112] [61, 128, 2975.3, 220]
I0214 23:27:10.522114 37579 distributed.cpp:112] [62, 65536, 2974.78, 1644]
I0214 23:27:10.522117 37579 distributed.cpp:112] [63, 128, 2974.78, 221]
I0214 23:27:10.522122 37579 distributed.cpp:112] [64, 294912, 3396.16, 3823]
I0214 23:27:10.522127 37579 distributed.cpp:112] [65, 256, 3396.16, 195]
I0214 23:27:10.522131 37579 distributed.cpp:112] [66, 12288, 1803.52, 469]
I0214 23:27:10.522136 37579 distributed.cpp:112] [67, 64, 1803.52, 367]
I0214 23:27:10.522141 37579 distributed.cpp:112] [68, 38400, 1440.77, 1714]
I0214 23:27:10.522145 37579 distributed.cpp:112] [69, 64, 1440.77, 239]
I0214 23:27:10.522155 37579 distributed.cpp:112] [70, 32768, 2413.47, 724]
I0214 23:27:10.522159 37579 distributed.cpp:112] [71, 64, 2413.47, 215]
I0214 23:27:10.522164 37579 distributed.cpp:112] [72, 57344, 2936.38, 1051]
I0214 23:27:10.522169 37579 distributed.cpp:112] [73, 128, 2936.38, 858]
I0214 23:27:10.522173 37579 distributed.cpp:112] [74, 73728, 3793.06, 1592]
I0214 23:27:10.522178 37579 distributed.cpp:112] [75, 192, 3793.06, 223]
I0214 23:27:10.522183 37579 distributed.cpp:112] [76, 373248, 5066.14, 4719]
I0214 23:27:10.522187 37579 distributed.cpp:112] [77, 320, 5066.14, 679]
I0214 23:27:10.522192 37579 distributed.cpp:112] [78, 16384, 1889.82, 821]
I0214 23:27:10.522197 37579 distributed.cpp:112] [79, 64, 1889.82, 261]
I0214 23:27:10.522202 37579 distributed.cpp:112] [80, 51200, 1558.82, 1323]
I0214 23:27:10.522207 37579 distributed.cpp:112] [81, 64, 1558.82, 177]
I0214 23:27:10.522212 37579 distributed.cpp:112] [82, 32768, 2287.07, 1181]
I0214 23:27:10.522215 37579 distributed.cpp:112] [83, 64, 2287.07, 225]
I0214 23:27:10.522220 37579 distributed.cpp:112] [84, 67584, 1299.3, 4929]
I0214 23:27:10.522225 37579 distributed.cpp:112] [85, 128, 1299.3, 427]
I0214 23:27:10.522229 37579 distributed.cpp:112] [86, 2097152, 732.48, 24758]
I0214 23:27:10.522234 37579 distributed.cpp:112] [87, 1024, 732.48, 5638]
I0214 23:27:10.522239 37579 distributed.cpp:112] [88, 1024000, 473.728, 9813]
I0214 23:27:10.522244 37579 distributed.cpp:112] [89, 1024, 473.728, 628]
I0214 23:27:10.522248 37579 distributed.cpp:112] [90, 135168, 5687.58, 2272]
I0214 23:27:10.522253 37579 distributed.cpp:112] [91, 256, 5687.58, 563]
I0214 23:27:10.522258 37579 distributed.cpp:112] [92, 84480, 4355.3, 1505]
I0214 23:27:10.522264 37579 distributed.cpp:112] [93, 192, 4355.3, 242]
I0214 23:27:10.522267 37579 distributed.cpp:112] [94, 460800, 5205.95, 5922]
I0214 23:27:10.522272 37579 distributed.cpp:112] [95, 320, 5205.95, 245]
I0214 23:27:10.522277 37579 distributed.cpp:112] [96, 16896, 1795.68, 918]
I0214 23:27:10.522281 37579 distributed.cpp:112] [97, 64, 1795.68, 536]
I0214 23:27:10.522286 37579 distributed.cpp:112] [98, 102400, 2630.02, 2587]
I0214 23:27:10.522291 37579 distributed.cpp:112] [99, 128, 2630.02, 368]
I0214 23:27:10.522295 37579 distributed.cpp:112] [100, 67584, 3244.99, 1590]
I0214 23:27:10.522300 37579 distributed.cpp:112] [101, 128, 3244.99, 522]
I0214 23:27:10.522305 37579 distributed.cpp:112] [102, 212992, 3993.34, 2781]
I0214 23:27:10.522310 37579 distributed.cpp:112] [103, 256, 3993.34, 446]
I0214 23:27:10.522315 37579 distributed.cpp:112] [104, 133120, 3299.26, 2267]
I0214 23:27:10.522320 37579 distributed.cpp:112] [105, 192, 3299.26, 345]
I0214 23:27:10.522323 37579 distributed.cpp:112] [106, 460800, 2044.16, 6309]
I0214 23:27:10.522328 37579 distributed.cpp:112] [107, 320, 2044.16, 407]
I0214 23:27:10.522333 37579 distributed.cpp:112] [108, 26624, 1205.18, 1023]
I0214 23:27:10.522337 37579 distributed.cpp:112] [109, 64, 1205.18, 607]
I0214 23:27:10.522342 37579 distributed.cpp:112] [110, 102400, 1023.36, 1938]
I0214 23:27:10.522347 37579 distributed.cpp:112] [111, 128, 1023.36, 261]
I0214 23:27:10.522351 37579 distributed.cpp:112] [112, 106496, 2412.48, 2666]
I0214 23:27:10.522356 37579 distributed.cpp:112] [113, 128, 2412.48, 267]
I0214 23:27:10.522361 37579 distributed.cpp:112] [114, 319488, 2905.12, 4644]
I0214 23:27:10.522366 37579 distributed.cpp:112] [115, 384, 2905.12, 399]
I0214 23:27:10.522370 37579 distributed.cpp:112] [116, 159744, 3584.38, 3507]
I0214 23:27:10.522375 37579 distributed.cpp:112] [117, 192, 3584.38, 353]
I0214 23:27:10.522379 37579 distributed.cpp:112] [118, 663552, 2734.02, 7169]
I0214 23:27:10.522384 37579 distributed.cpp:112] [119, 384, 2734.02, 648]
I0214 23:27:10.522388 37579 distributed.cpp:112] [120, 39936, 1452.48, 851]
I0214 23:27:10.522393 37579 distributed.cpp:112] [121, 64, 1452.48, 157]
I0214 23:27:10.522398 37579 distributed.cpp:112] [122, 153600, 1261.25, 2231]
I0214 23:27:10.522403 37579 distributed.cpp:112] [123, 128, 1261.25, 391]
I0214 23:27:10.522408 37579 distributed.cpp:112] [124, 106496, 2447.65, 2888]
I0214 23:27:10.522416 37579 distributed.cpp:112] [125, 128, 2447.65, 176]
I0214 23:27:10.522421 37579 distributed.cpp:112] [126, 1024000, 477.44, 12852]
I0214 23:27:10.522426 37579 distributed.cpp:112] [127, 1024, 477.44, 717]
