I0219 13:35:34.740056 69510 distributed.cpp:112] [0, 9408, 15161.7, 1746, 0]
I0219 13:35:34.740073 69510 distributed.cpp:112] [1, 64, 15161.7, 0, 0]
I0219 13:35:34.740078 69510 distributed.cpp:112] [2, 4096, 3773.34, 1159, 0]
I0219 13:35:34.740084 69510 distributed.cpp:112] [3, 64, 3773.34, 0, 0]
I0219 13:35:34.740088 69510 distributed.cpp:112] [4, 110592, 20739, 2365, 0]
I0219 13:35:34.740094 69510 distributed.cpp:112] [5, 192, 20739, 0, 0]
I0219 13:35:34.740099 69510 distributed.cpp:112] [6, 12288, 2626.78, 1363, 0]
I0219 13:35:34.740104 69510 distributed.cpp:112] [7, 64, 2626.78, 0, 0]
I0219 13:35:34.740111 69510 distributed.cpp:112] [8, 18432, 2940.03, 1642, 0]
I0219 13:35:34.740116 69510 distributed.cpp:112] [9, 128, 2940.03, 0, 0]
I0219 13:35:34.740121 69510 distributed.cpp:112] [10, 110592, 6151.04, 2388, 0]
I0219 13:35:34.740126 69510 distributed.cpp:112] [11, 128, 6151.04, 0, 0]
I0219 13:35:34.740131 69510 distributed.cpp:112] [12, 3072, 1887.94, 1190, 0]
I0219 13:35:34.740147 69510 distributed.cpp:112] [13, 64, 1887.94, 0, 0]
I0219 13:35:34.740152 69510 distributed.cpp:112] [14, 12800, 1103.74, 1323, 0]
I0219 13:35:34.740157 69510 distributed.cpp:112] [15, 64, 1103.74, 0, 0]
I0219 13:35:34.740162 69510 distributed.cpp:112] [16, 6144, 1979.01, 1305, 0]
I0219 13:35:34.740167 69510 distributed.cpp:112] [17, 64, 1979.01, 0, 0]
I0219 13:35:34.740171 69510 distributed.cpp:112] [18, 32768, 4283.65, 2078, 0]
I0219 13:35:34.740176 69510 distributed.cpp:112] [19, 128, 4283.65, 0, 0]
I0219 13:35:34.740187 69510 distributed.cpp:112] [20, 32768, 4339.81, 1756, 0]
I0219 13:35:34.740197 69510 distributed.cpp:112] [21, 128, 4339.81, 0, 0]
I0219 13:35:34.740202 69510 distributed.cpp:112] [22, 221184, 7481.28, 4976, 0]
I0219 13:35:34.740208 69510 distributed.cpp:112] [23, 192, 7481.28, 0, 0]
I0219 13:35:34.740212 69510 distributed.cpp:112] [24, 8192, 3315.3, 1166, 0]
I0219 13:35:34.740218 69510 distributed.cpp:112] [25, 64, 3315.3, 0, 0]
I0219 13:35:34.740222 69510 distributed.cpp:112] [26, 76800, 3039.36, 2227, 0]
I0219 13:35:34.740227 69510 distributed.cpp:112] [27, 128, 3039.36, 0, 0]
I0219 13:35:34.740232 69510 distributed.cpp:112] [28, 16384, 3532.06, 1260, 0]
I0219 13:35:34.740237 69510 distributed.cpp:112] [29, 64, 3532.06, 0, 0]
I0219 13:35:34.740242 69510 distributed.cpp:112] [30, 92160, 4273.41, 2353, 0]
I0219 13:35:34.740247 69510 distributed.cpp:112] [31, 192, 4273.41, 0, 0]
I0219 13:35:34.740250 69510 distributed.cpp:112] [32, 46080, 2591.94, 1799, 0]
I0219 13:35:34.740255 69510 distributed.cpp:112] [33, 128, 2591.94, 0, 0]
I0219 13:35:34.740260 69510 distributed.cpp:112] [34, 179712, 2950.69, 4496, 0]
I0219 13:35:34.740273 69510 distributed.cpp:112] [35, 256, 2950.69, 0, 0]
I0219 13:35:34.740289 69510 distributed.cpp:112] [36, 7680, 1474.72, 1423, 0]
I0219 13:35:34.740294 69510 distributed.cpp:112] [37, 64, 1474.72, 20, 0]
I0219 13:35:34.740299 69510 distributed.cpp:112] [38, 19200, 862.72, 1323, 0]
I0219 13:35:34.740304 69510 distributed.cpp:112] [39, 64, 862.72, 0, 0]
I0219 13:35:34.740309 69510 distributed.cpp:112] [40, 30720, 2186.11, 1793, 0]
I0219 13:35:34.740314 69510 distributed.cpp:112] [41, 64, 2186.11, 0, 0]
I0219 13:35:34.740319 69510 distributed.cpp:112] [42, 65536, 1429.66, 10315, 0]
I0219 13:35:34.740324 69510 distributed.cpp:112] [43, 128, 1429.66, 0, 0]
I0219 13:35:34.740327 69510 distributed.cpp:112] [44, 2097152, 711.648, 32729, 0]
I0219 13:35:34.740334 69510 distributed.cpp:112] [45, 1024, 711.648, 0, 0]
I0219 13:35:34.740337 69510 distributed.cpp:112] [46, 1024000, 473.056, 14849, 0]
I0219 13:35:34.740342 69510 distributed.cpp:112] [47, 1024, 473.056, 0, 0]
I0219 13:35:34.740347 69510 distributed.cpp:112] [48, 81920, 4263.23, 1738, 0]
I0219 13:35:34.740351 69510 distributed.cpp:112] [49, 192, 4263.23, 0, 0]
I0219 13:35:34.740356 69510 distributed.cpp:112] [50, 57344, 3208.16, 2298, 0]
I0219 13:35:34.740361 69510 distributed.cpp:112] [51, 128, 3208.16, 0, 0]
I0219 13:35:34.740365 69510 distributed.cpp:112] [52, 225792, 3088.51, 5096, 0]
I0219 13:35:34.740370 69510 distributed.cpp:112] [53, 256, 3088.51, 0, 0]
I0219 13:35:34.740375 69510 distributed.cpp:112] [54, 12288, 1636.99, 2790, 0]
I0219 13:35:34.740380 69510 distributed.cpp:112] [55, 64, 1636.99, 0, 0]
I0219 13:35:34.740384 69510 distributed.cpp:112] [56, 38400, 1430.46, 1855, 0]
I0219 13:35:34.740389 69510 distributed.cpp:112] [57, 64, 1430.46, 0, 0]
I0219 13:35:34.740393 69510 distributed.cpp:112] [58, 32768, 2196.45, 2446, 0]
I0219 13:35:34.740398 69510 distributed.cpp:112] [59, 64, 2196.45, 0, 0]
I0219 13:35:34.740402 69510 distributed.cpp:112] [60, 65536, 3173.86, 2099, 0]
I0219 13:35:34.740407 69510 distributed.cpp:112] [61, 128, 3173.86, 0, 0]
I0219 13:35:34.740412 69510 distributed.cpp:112] [62, 65536, 3146.62, 2325, 0]
I0219 13:35:34.740417 69510 distributed.cpp:112] [63, 128, 3146.62, 0, 0]
I0219 13:35:34.740422 69510 distributed.cpp:112] [64, 294912, 3338.02, 7058, 0]
I0219 13:35:34.740427 69510 distributed.cpp:112] [65, 256, 3338.02, 0, 0]
I0219 13:35:34.740430 69510 distributed.cpp:112] [66, 12288, 1696.67, 1937, 0]
I0219 13:35:34.740435 69510 distributed.cpp:112] [67, 64, 1696.67, 0, 0]
I0219 13:35:34.740440 69510 distributed.cpp:112] [68, 38400, 1442.37, 2138, 0]
I0219 13:35:34.740444 69510 distributed.cpp:112] [69, 64, 1442.37, 0, 0]
I0219 13:35:34.740449 69510 distributed.cpp:112] [70, 32768, 2265.73, 3065, 0]
I0219 13:35:34.740453 69510 distributed.cpp:112] [71, 64, 2265.73, 0, 0]
I0219 13:35:34.740458 69510 distributed.cpp:112] [72, 57344, 2740.96, 3446, 0]
I0219 13:35:34.740463 69510 distributed.cpp:112] [73, 128, 2740.96, 0, 0]
I0219 13:35:34.740468 69510 distributed.cpp:112] [74, 73728, 3929.7, 2532, 0]
I0219 13:35:34.740473 69510 distributed.cpp:112] [75, 192, 3929.7, 0, 0]
I0219 13:35:34.740478 69510 distributed.cpp:112] [76, 373248, 4857.63, 8291, 0]
I0219 13:35:34.740483 69510 distributed.cpp:112] [77, 320, 4857.63, 0, 0]
I0219 13:35:34.740486 69510 distributed.cpp:112] [78, 16384, 1815.33, 1547, 0]
I0219 13:35:34.740491 69510 distributed.cpp:112] [79, 64, 1815.33, 0, 0]
I0219 13:35:34.740495 69510 distributed.cpp:112] [80, 51200, 1520.03, 2806, 0]
I0219 13:35:34.740500 69510 distributed.cpp:112] [81, 64, 1520.03, 0, 0]
I0219 13:35:34.740504 69510 distributed.cpp:112] [82, 32768, 2258.05, 3693, 0]
I0219 13:35:34.740509 69510 distributed.cpp:112] [83, 64, 2258.05, 0, 0]
I0219 13:35:34.740514 69510 distributed.cpp:112] [84, 67584, 1536.16, 3367, 0]
I0219 13:35:34.740519 69510 distributed.cpp:112] [85, 128, 1536.16, 0, 0]
I0219 13:35:34.740523 69510 distributed.cpp:112] [86, 2097152, 716.416, 36304, 0]
I0219 13:35:34.740533 69510 distributed.cpp:112] [87, 1024, 716.416, 0, 0]
I0219 13:35:34.740538 69510 distributed.cpp:112] [88, 1024000, 513.248, 16799, 0]
I0219 13:35:34.740543 69510 distributed.cpp:112] [89, 1024, 513.248, 0, 0]
I0219 13:35:34.740547 69510 distributed.cpp:112] [90, 135168, 5738.3, 4117, 0]
I0219 13:35:34.740552 69510 distributed.cpp:112] [91, 256, 5738.3, 0, 0]
I0219 13:35:34.740556 69510 distributed.cpp:112] [92, 84480, 4525.54, 2478, 0]
I0219 13:35:34.740561 69510 distributed.cpp:112] [93, 192, 4525.54, 0, 0]
I0219 13:35:34.740566 69510 distributed.cpp:112] [94, 460800, 5226.88, 7254, 0]
I0219 13:35:34.740571 69510 distributed.cpp:112] [95, 320, 5226.88, 0, 0]
I0219 13:35:34.740576 69510 distributed.cpp:112] [96, 16896, 1776.9, 1896, 0]
I0219 13:35:34.740581 69510 distributed.cpp:112] [97, 64, 1776.9, 0, 0]
I0219 13:35:34.740586 69510 distributed.cpp:112] [98, 102400, 2613.57, 2461, 0]
I0219 13:35:34.740591 69510 distributed.cpp:112] [99, 128, 2613.57, 0, 0]
I0219 13:35:34.740594 69510 distributed.cpp:112] [100, 67584, 3394.24, 2980, 0]
I0219 13:35:34.740599 69510 distributed.cpp:112] [101, 128, 3394.24, 0, 0]
I0219 13:35:34.740609 69510 distributed.cpp:112] [102, 212992, 4039.74, 4942, 0]
I0219 13:35:34.740615 69510 distributed.cpp:112] [103, 256, 4039.74, 0, 0]
I0219 13:35:34.740619 69510 distributed.cpp:112] [104, 133120, 3302.27, 4680, 0]
I0219 13:35:34.740624 69510 distributed.cpp:112] [105, 192, 3302.27, 0, 0]
I0219 13:35:34.740629 69510 distributed.cpp:112] [106, 460800, 2216.64, 8484, 0]
I0219 13:35:34.740633 69510 distributed.cpp:112] [107, 320, 2216.64, 0, 0]
I0219 13:35:34.740638 69510 distributed.cpp:112] [108, 26624, 1205.98, 1909, 0]
I0219 13:35:34.740643 69510 distributed.cpp:112] [109, 64, 1205.98, 0, 0]
I0219 13:35:34.740648 69510 distributed.cpp:112] [110, 102400, 1011.26, 2609, 0]
I0219 13:35:34.740653 69510 distributed.cpp:112] [111, 128, 1011.26, 0, 0]
I0219 13:35:34.740658 69510 distributed.cpp:112] [112, 106496, 2529.25, 3063, 0]
I0219 13:35:34.740662 69510 distributed.cpp:112] [113, 128, 2529.25, 0, 0]
I0219 13:35:34.740667 69510 distributed.cpp:112] [114, 319488, 2931.78, 7005, 0]
I0219 13:35:34.740671 69510 distributed.cpp:112] [115, 384, 2931.78, 0, 0]
I0219 13:35:34.740676 69510 distributed.cpp:112] [116, 159744, 3442.46, 5470, 0]
I0219 13:35:34.740680 69510 distributed.cpp:112] [117, 192, 3442.46, 0, 0]
I0219 13:35:34.740685 69510 distributed.cpp:112] [118, 663552, 2387.36, 10453, 0]
I0219 13:35:34.740690 69510 distributed.cpp:112] [119, 384, 2387.36, 0, 0]
I0219 13:35:34.740694 69510 distributed.cpp:112] [120, 39936, 1455.81, 2838, 0]
I0219 13:35:34.740700 69510 distributed.cpp:112] [121, 64, 1455.81, 0, 0]
I0219 13:35:34.740705 69510 distributed.cpp:112] [122, 153600, 1283.42, 4662, 0]
I0219 13:35:34.740708 69510 distributed.cpp:112] [123, 128, 1283.42, 0, 0]
I0219 13:35:34.740713 69510 distributed.cpp:112] [124, 106496, 2664.51, 3219, 0]
I0219 13:35:34.740718 69510 distributed.cpp:112] [125, 128, 2664.51, 0, 0]
I0219 13:35:34.740722 69510 distributed.cpp:112] [126, 1024000, 474.752, 26233, 0]
I0219 13:35:34.740727 69510 distributed.cpp:112] [127, 1024, 474.752, 0, 0]
I0219 13:35:41.031509 69510 distributed.cpp:112] [0, 9408, 15161.7, 1746, 3770]
I0219 13:35:41.031529 69510 distributed.cpp:112] [1, 64, 15161.7, 0, 0]
I0219 13:35:41.031550 69510 distributed.cpp:112] [2, 4096, 3773.34, 1159, 0]
I0219 13:35:41.031558 69510 distributed.cpp:112] [3, 64, 3773.34, 0, 0]
I0219 13:35:41.031563 69510 distributed.cpp:112] [4, 110592, 20739, 2365, 5886]
I0219 13:35:41.031568 69510 distributed.cpp:112] [5, 192, 20739, 0, 0]
I0219 13:35:41.031574 69510 distributed.cpp:112] [6, 12288, 2626.78, 1363, 0]
I0219 13:35:41.031579 69510 distributed.cpp:112] [7, 64, 2626.78, 0, 0]
I0219 13:35:41.031582 69510 distributed.cpp:112] [8, 18432, 2940.03, 1642, 0]
I0219 13:35:41.031587 69510 distributed.cpp:112] [9, 128, 2940.03, 0, 0]
I0219 13:35:41.031592 69510 distributed.cpp:112] [10, 110592, 6151.04, 2388, 10343]
I0219 13:35:41.031597 69510 distributed.cpp:112] [11, 128, 6151.04, 0, 0]
I0219 13:35:41.031608 69510 distributed.cpp:112] [12, 3072, 1887.94, 1190, 0]
I0219 13:35:41.031615 69510 distributed.cpp:112] [13, 64, 1887.94, 0, 0]
I0219 13:35:41.031620 69510 distributed.cpp:112] [14, 12800, 1103.74, 1323, 0]
I0219 13:35:41.031625 69510 distributed.cpp:112] [15, 64, 1103.74, 0, 0]
I0219 13:35:41.031630 69510 distributed.cpp:112] [16, 6144, 1979.01, 1305, 0]
I0219 13:35:41.031636 69510 distributed.cpp:112] [17, 64, 1979.01, 0, 0]
I0219 13:35:41.031641 69510 distributed.cpp:112] [18, 32768, 4283.65, 2078, 0]
I0219 13:35:41.031646 69510 distributed.cpp:112] [19, 128, 4283.65, 0, 0]
I0219 13:35:41.031651 69510 distributed.cpp:112] [20, 32768, 4339.81, 1756, 0]
I0219 13:35:41.031654 69510 distributed.cpp:112] [21, 128, 4339.81, 0, 0]
I0219 13:35:41.031659 69510 distributed.cpp:112] [22, 221184, 7481.28, 4976, 6439]
I0219 13:35:41.031664 69510 distributed.cpp:112] [23, 192, 7481.28, 0, 0]
I0219 13:35:41.031669 69510 distributed.cpp:112] [24, 8192, 3315.3, 1166, 0]
I0219 13:35:41.031675 69510 distributed.cpp:112] [25, 64, 3315.3, 0, 0]
I0219 13:35:41.031680 69510 distributed.cpp:112] [26, 76800, 3039.36, 2227, 0]
I0219 13:35:41.031685 69510 distributed.cpp:112] [27, 128, 3039.36, 0, 0]
I0219 13:35:41.031692 69510 distributed.cpp:112] [28, 16384, 3532.06, 1260, 0]
I0219 13:35:41.031697 69510 distributed.cpp:112] [29, 64, 3532.06, 0, 0]
I0219 13:35:41.031702 69510 distributed.cpp:112] [30, 92160, 4273.41, 2353, 6212]
I0219 13:35:41.031707 69510 distributed.cpp:112] [31, 192, 4273.41, 0, 0]
I0219 13:35:41.031711 69510 distributed.cpp:112] [32, 46080, 2591.94, 1799, 0]
I0219 13:35:41.031716 69510 distributed.cpp:112] [33, 128, 2591.94, 0, 0]
I0219 13:35:41.031720 69510 distributed.cpp:112] [34, 179712, 2950.69, 4496, 8477]
I0219 13:35:41.031726 69510 distributed.cpp:112] [35, 256, 2950.69, 0, 0]
I0219 13:35:41.031731 69510 distributed.cpp:112] [36, 7680, 1474.72, 1423, 0]
I0219 13:35:41.031736 69510 distributed.cpp:112] [37, 64, 1474.72, 20, 710]
I0219 13:35:41.031741 69510 distributed.cpp:112] [38, 19200, 862.72, 1323, 0]
I0219 13:35:41.031746 69510 distributed.cpp:112] [39, 64, 862.72, 0, 0]
I0219 13:35:41.031751 69510 distributed.cpp:112] [40, 30720, 2186.11, 1793, 0]
I0219 13:35:41.031756 69510 distributed.cpp:112] [41, 64, 2186.11, 0, 0]
I0219 13:35:41.031761 69510 distributed.cpp:112] [42, 65536, 1429.66, 10315, 0]
I0219 13:35:41.031766 69510 distributed.cpp:112] [43, 128, 1429.66, 0, 0]
I0219 13:35:41.031771 69510 distributed.cpp:112] [44, 2097152, 711.648, 32729, 35890]
I0219 13:35:41.031776 69510 distributed.cpp:112] [45, 1024, 711.648, 0, 0]
I0219 13:35:41.031781 69510 distributed.cpp:112] [46, 1024000, 473.056, 14849, 14926]
I0219 13:35:41.031786 69510 distributed.cpp:112] [47, 1024, 473.056, 0, 0]
I0219 13:35:41.031790 69510 distributed.cpp:112] [48, 81920, 4263.23, 1738, 5299]
I0219 13:35:41.031796 69510 distributed.cpp:112] [49, 192, 4263.23, 0, 0]
I0219 13:35:41.031801 69510 distributed.cpp:112] [50, 57344, 3208.16, 2298, 0]
I0219 13:35:41.031806 69510 distributed.cpp:112] [51, 128, 3208.16, 0, 0]
I0219 13:35:41.031811 69510 distributed.cpp:112] [52, 225792, 3088.51, 5096, 6497]
I0219 13:35:41.031816 69510 distributed.cpp:112] [53, 256, 3088.51, 0, 0]
I0219 13:35:41.031821 69510 distributed.cpp:112] [54, 12288, 1636.99, 2790, 0]
I0219 13:35:41.031834 69510 distributed.cpp:112] [55, 64, 1636.99, 0, 0]
I0219 13:35:41.031841 69510 distributed.cpp:112] [56, 38400, 1430.46, 1855, 0]
I0219 13:35:41.031846 69510 distributed.cpp:112] [57, 64, 1430.46, 0, 0]
I0219 13:35:41.031850 69510 distributed.cpp:112] [58, 32768, 2196.45, 2446, 0]
I0219 13:35:41.031855 69510 distributed.cpp:112] [59, 64, 2196.45, 0, 0]
I0219 13:35:41.031859 69510 distributed.cpp:112] [60, 65536, 3173.86, 2099, 4352]
I0219 13:35:41.031865 69510 distributed.cpp:112] [61, 128, 3173.86, 0, 0]
I0219 13:35:41.031869 69510 distributed.cpp:112] [62, 65536, 3146.62, 2325, 0]
I0219 13:35:41.031875 69510 distributed.cpp:112] [63, 128, 3146.62, 0, 0]
I0219 13:35:41.031880 69510 distributed.cpp:112] [64, 294912, 3338.02, 7058, 8111]
I0219 13:35:41.031885 69510 distributed.cpp:112] [65, 256, 3338.02, 0, 0]
I0219 13:35:41.031890 69510 distributed.cpp:112] [66, 12288, 1696.67, 1937, 0]
I0219 13:35:41.031894 69510 distributed.cpp:112] [67, 64, 1696.67, 0, 0]
I0219 13:35:41.031899 69510 distributed.cpp:112] [68, 38400, 1442.37, 2138, 0]
I0219 13:35:41.031904 69510 distributed.cpp:112] [69, 64, 1442.37, 0, 0]
I0219 13:35:41.031908 69510 distributed.cpp:112] [70, 32768, 2265.73, 3065, 0]
I0219 13:35:41.031913 69510 distributed.cpp:112] [71, 64, 2265.73, 0, 0]
I0219 13:35:41.031918 69510 distributed.cpp:112] [72, 57344, 2740.96, 3446, 4566]
I0219 13:35:41.031922 69510 distributed.cpp:112] [73, 128, 2740.96, 0, 0]
I0219 13:35:41.031927 69510 distributed.cpp:112] [74, 73728, 3929.7, 2532, 0]
I0219 13:35:41.031932 69510 distributed.cpp:112] [75, 192, 3929.7, 0, 0]
I0219 13:35:41.031937 69510 distributed.cpp:112] [76, 373248, 4857.63, 8291, 7386]
I0219 13:35:41.031942 69510 distributed.cpp:112] [77, 320, 4857.63, 0, 0]
I0219 13:35:41.031946 69510 distributed.cpp:112] [78, 16384, 1815.33, 1547, 0]
I0219 13:35:41.031951 69510 distributed.cpp:112] [79, 64, 1815.33, 0, 0]
I0219 13:35:41.031956 69510 distributed.cpp:112] [80, 51200, 1520.03, 2806, 10067]
I0219 13:35:41.031961 69510 distributed.cpp:112] [81, 64, 1520.03, 0, 0]
I0219 13:35:41.031965 69510 distributed.cpp:112] [82, 32768, 2258.05, 3693, 0]
I0219 13:35:41.031971 69510 distributed.cpp:112] [83, 64, 2258.05, 0, 0]
I0219 13:35:41.031975 69510 distributed.cpp:112] [84, 67584, 1536.16, 3367, 0]
I0219 13:35:41.031980 69510 distributed.cpp:112] [85, 128, 1536.16, 0, 0]
I0219 13:35:41.031985 69510 distributed.cpp:112] [86, 2097152, 716.416, 36304, 35431]
I0219 13:35:41.031991 69510 distributed.cpp:112] [87, 1024, 716.416, 0, 0]
I0219 13:35:41.031996 69510 distributed.cpp:112] [88, 1024000, 513.248, 16799, 15254]
I0219 13:35:41.032001 69510 distributed.cpp:112] [89, 1024, 513.248, 0, 0]
I0219 13:35:41.032006 69510 distributed.cpp:112] [90, 135168, 5738.3, 4117, 4752]
I0219 13:35:41.032011 69510 distributed.cpp:112] [91, 256, 5738.3, 0, 0]
I0219 13:35:41.032016 69510 distributed.cpp:112] [92, 84480, 4525.54, 2478, 0]
I0219 13:35:41.032021 69510 distributed.cpp:112] [93, 192, 4525.54, 0, 0]
I0219 13:35:41.032024 69510 distributed.cpp:112] [94, 460800, 5226.88, 7254, 7722]
I0219 13:35:41.032030 69510 distributed.cpp:112] [95, 320, 5226.88, 0, 0]
I0219 13:35:41.032035 69510 distributed.cpp:112] [96, 16896, 1776.9, 1896, 0]
I0219 13:35:41.032040 69510 distributed.cpp:112] [97, 64, 1776.9, 0, 0]
I0219 13:35:41.032045 69510 distributed.cpp:112] [98, 102400, 2613.57, 2461, 4706]
I0219 13:35:41.032050 69510 distributed.cpp:112] [99, 128, 2613.57, 0, 0]
I0219 13:35:41.032055 69510 distributed.cpp:112] [100, 67584, 3394.24, 2980, 0]
I0219 13:35:41.032060 69510 distributed.cpp:112] [101, 128, 3394.24, 0, 0]
I0219 13:35:41.032064 69510 distributed.cpp:112] [102, 212992, 4039.74, 4942, 4931]
I0219 13:35:41.032069 69510 distributed.cpp:112] [103, 256, 4039.74, 0, 0]
I0219 13:35:41.032074 69510 distributed.cpp:112] [104, 133120, 3302.27, 4680, 4619]
I0219 13:35:41.032079 69510 distributed.cpp:112] [105, 192, 3302.27, 0, 0]
I0219 13:35:41.032083 69510 distributed.cpp:112] [106, 460800, 2216.64, 8484, 8104]
I0219 13:35:41.032088 69510 distributed.cpp:112] [107, 320, 2216.64, 0, 0]
I0219 13:35:41.032097 69510 distributed.cpp:112] [108, 26624, 1205.98, 1909, 0]
I0219 13:35:41.032102 69510 distributed.cpp:112] [109, 64, 1205.98, 0, 0]
I0219 13:35:41.032107 69510 distributed.cpp:112] [110, 102400, 1011.26, 2609, 5047]
I0219 13:35:41.032112 69510 distributed.cpp:112] [111, 128, 1011.26, 0, 0]
I0219 13:35:41.032116 69510 distributed.cpp:112] [112, 106496, 2529.25, 3063, 0]
I0219 13:35:41.032121 69510 distributed.cpp:112] [113, 128, 2529.25, 0, 0]
I0219 13:35:41.032125 69510 distributed.cpp:112] [114, 319488, 2931.78, 7005, 6368]
I0219 13:35:41.032130 69510 distributed.cpp:112] [115, 384, 2931.78, 0, 0]
I0219 13:35:41.032135 69510 distributed.cpp:112] [116, 159744, 3442.46, 5470, 4901]
I0219 13:35:41.032140 69510 distributed.cpp:112] [117, 192, 3442.46, 0, 0]
I0219 13:35:41.032145 69510 distributed.cpp:112] [118, 663552, 2387.36, 10453, 11837]
I0219 13:35:41.032150 69510 distributed.cpp:112] [119, 384, 2387.36, 0, 0]
I0219 13:35:41.032155 69510 distributed.cpp:112] [120, 39936, 1455.81, 2838, 0]
I0219 13:35:41.032160 69510 distributed.cpp:112] [121, 64, 1455.81, 0, 0]
I0219 13:35:41.032164 69510 distributed.cpp:112] [122, 153600, 1283.42, 4662, 6459]
I0219 13:35:41.032171 69510 distributed.cpp:112] [123, 128, 1283.42, 0, 0]
I0219 13:35:41.032174 69510 distributed.cpp:112] [124, 106496, 2664.51, 3219, 0]
I0219 13:35:41.032179 69510 distributed.cpp:112] [125, 128, 2664.51, 0, 0]
I0219 13:35:41.032184 69510 distributed.cpp:112] [126, 1024000, 474.752, 26233, 18092]
I0219 13:35:41.032192 69510 distributed.cpp:112] [127, 1024, 474.752, 0, 0]
