I0219 13:29:27.119763 66221 distributed.cpp:112] [0, 9408, 15143.7, 1169, 0]
I0219 13:29:27.119791 66221 distributed.cpp:112] [1, 64, 15143.7, 0, 0]
I0219 13:29:27.119799 66221 distributed.cpp:112] [2, 4096, 3825.38, 1071, 0]
I0219 13:29:27.119807 66221 distributed.cpp:112] [3, 64, 3825.38, 0, 0]
I0219 13:29:27.119812 66221 distributed.cpp:112] [4, 110592, 21038.8, 2622, 0]
I0219 13:29:27.119819 66221 distributed.cpp:112] [5, 192, 21038.8, 0, 0]
I0219 13:29:27.119825 66221 distributed.cpp:112] [6, 12288, 2641.02, 1662, 0]
I0219 13:29:27.119832 66221 distributed.cpp:112] [7, 64, 2641.02, 0, 0]
I0219 13:29:27.119838 66221 distributed.cpp:112] [8, 18432, 3080.61, 1329, 0]
I0219 13:29:27.119853 66221 distributed.cpp:112] [9, 128, 3080.61, 0, 0]
I0219 13:29:27.119859 66221 distributed.cpp:112] [10, 110592, 6052.77, 2232, 0]
I0219 13:29:27.119865 66221 distributed.cpp:112] [11, 128, 6052.77, 0, 0]
I0219 13:29:27.119871 66221 distributed.cpp:112] [12, 3072, 1952.83, 1166, 0]
I0219 13:29:27.119879 66221 distributed.cpp:112] [13, 64, 1952.83, 0, 0]
I0219 13:29:27.119884 66221 distributed.cpp:112] [14, 12800, 1119.52, 1246, 0]
I0219 13:29:27.119890 66221 distributed.cpp:112] [15, 64, 1119.52, 0, 0]
I0219 13:29:27.119896 66221 distributed.cpp:112] [16, 6144, 2047.23, 1252, 0]
I0219 13:29:27.119902 66221 distributed.cpp:112] [17, 64, 2047.23, 0, 0]
I0219 13:29:27.119909 66221 distributed.cpp:112] [18, 32768, 4329.54, 1895, 0]
I0219 13:29:27.119915 66221 distributed.cpp:112] [19, 128, 4329.54, 0, 0]
I0219 13:29:27.119920 66221 distributed.cpp:112] [20, 32768, 4242.4, 1522, 0]
I0219 13:29:27.119927 66221 distributed.cpp:112] [21, 128, 4242.4, 0, 0]
I0219 13:29:27.119932 66221 distributed.cpp:112] [22, 221184, 7513.63, 4866, 0]
I0219 13:29:27.119940 66221 distributed.cpp:112] [23, 192, 7513.63, 0, 0]
I0219 13:29:27.119945 66221 distributed.cpp:112] [24, 8192, 2643.9, 1437, 0]
I0219 13:29:27.119951 66221 distributed.cpp:112] [25, 64, 2643.9, 0, 0]
I0219 13:29:27.119957 66221 distributed.cpp:112] [26, 76800, 3101.5, 1913, 0]
I0219 13:29:27.119963 66221 distributed.cpp:112] [27, 128, 3101.5, 0, 0]
I0219 13:29:27.119969 66221 distributed.cpp:112] [28, 16384, 3380.64, 1953, 0]
I0219 13:29:27.119976 66221 distributed.cpp:112] [29, 64, 3380.64, 0, 0]
I0219 13:29:27.119982 66221 distributed.cpp:112] [30, 92160, 4733.76, 2162, 0]
I0219 13:29:27.119988 66221 distributed.cpp:112] [31, 192, 4733.76, 0, 0]
I0219 13:29:27.119993 66221 distributed.cpp:112] [32, 46080, 2681.41, 1792, 0]
I0219 13:29:27.120000 66221 distributed.cpp:112] [33, 128, 2681.41, 0, 0]
I0219 13:29:27.120018 66221 distributed.cpp:112] [34, 179712, 5296.16, 4133, 0]
I0219 13:29:27.120025 66221 distributed.cpp:112] [35, 256, 5296.16, 0, 0]
I0219 13:29:27.120031 66221 distributed.cpp:112] [36, 7680, 1470.69, 7343, 0]
I0219 13:29:27.120038 66221 distributed.cpp:112] [37, 64, 1470.69, 36, 0]
I0219 13:29:27.120043 66221 distributed.cpp:112] [38, 19200, 871.456, 4525, 0]
I0219 13:29:27.120050 66221 distributed.cpp:112] [39, 64, 871.456, 0, 0]
I0219 13:29:27.120056 66221 distributed.cpp:112] [40, 30720, 2137.12, 4882, 0]
I0219 13:29:27.120062 66221 distributed.cpp:112] [41, 64, 2137.12, 0, 0]
I0219 13:29:27.120069 66221 distributed.cpp:112] [42, 65536, 1476.58, 4155, 0]
I0219 13:29:27.120074 66221 distributed.cpp:112] [43, 128, 1476.58, 0, 0]
I0219 13:29:27.120080 66221 distributed.cpp:112] [44, 2097152, 703.008, 32739, 0]
I0219 13:29:27.120087 66221 distributed.cpp:112] [45, 1024, 703.008, 0, 0]
I0219 13:29:27.120093 66221 distributed.cpp:112] [46, 1024000, 460.512, 15577, 0]
I0219 13:29:27.120100 66221 distributed.cpp:112] [47, 1024, 460.512, 0, 0]
I0219 13:29:27.120105 66221 distributed.cpp:112] [48, 81920, 4075.14, 2766, 0]
I0219 13:29:27.120112 66221 distributed.cpp:112] [49, 192, 4075.14, 0, 0]
I0219 13:29:27.120117 66221 distributed.cpp:112] [50, 57344, 2911.97, 1958, 0]
I0219 13:29:27.120124 66221 distributed.cpp:112] [51, 128, 2911.97, 0, 0]
I0219 13:29:27.120131 66221 distributed.cpp:112] [52, 225792, 3050.18, 4896, 0]
I0219 13:29:27.120136 66221 distributed.cpp:112] [53, 256, 3050.18, 0, 0]
I0219 13:29:27.120142 66221 distributed.cpp:112] [54, 12288, 1793.25, 2425, 0]
I0219 13:29:27.120148 66221 distributed.cpp:112] [55, 64, 1793.25, 0, 0]
I0219 13:29:27.120154 66221 distributed.cpp:112] [56, 38400, 1612.45, 1967, 0]
I0219 13:29:27.120162 66221 distributed.cpp:112] [57, 64, 1612.45, 0, 0]
I0219 13:29:27.120167 66221 distributed.cpp:112] [58, 32768, 2221.54, 1571, 0]
I0219 13:29:27.120173 66221 distributed.cpp:112] [59, 64, 2221.54, 0, 0]
I0219 13:29:27.120178 66221 distributed.cpp:112] [60, 65536, 3096.32, 2600, 0]
I0219 13:29:27.120185 66221 distributed.cpp:112] [61, 128, 3096.32, 0, 0]
I0219 13:29:27.120191 66221 distributed.cpp:112] [62, 65536, 3116.74, 2365, 0]
I0219 13:29:27.120198 66221 distributed.cpp:112] [63, 128, 3116.74, 0, 0]
I0219 13:29:27.120203 66221 distributed.cpp:112] [64, 294912, 3534.24, 7298, 0]
I0219 13:29:27.120209 66221 distributed.cpp:112] [65, 256, 3534.24, 0, 0]
I0219 13:29:27.120215 66221 distributed.cpp:112] [66, 12288, 1673.63, 1937, 0]
I0219 13:29:27.120221 66221 distributed.cpp:112] [67, 64, 1673.63, 0, 0]
I0219 13:29:27.120227 66221 distributed.cpp:112] [68, 38400, 1461.28, 2034, 0]
I0219 13:29:27.120234 66221 distributed.cpp:112] [69, 64, 1461.28, 0, 0]
I0219 13:29:27.120239 66221 distributed.cpp:112] [70, 32768, 2246.59, 2848, 0]
I0219 13:29:27.120246 66221 distributed.cpp:112] [71, 64, 2246.59, 0, 0]
I0219 13:29:27.120252 66221 distributed.cpp:112] [72, 57344, 2735.94, 1875, 0]
I0219 13:29:27.120259 66221 distributed.cpp:112] [73, 128, 2735.94, 0, 0]
I0219 13:29:27.120265 66221 distributed.cpp:112] [74, 73728, 3884.7, 3165, 0]
I0219 13:29:27.120270 66221 distributed.cpp:112] [75, 192, 3884.7, 0, 0]
I0219 13:29:27.120276 66221 distributed.cpp:112] [76, 373248, 4892.67, 7233, 0]
I0219 13:29:27.120282 66221 distributed.cpp:112] [77, 320, 4892.67, 0, 0]
I0219 13:29:27.120288 66221 distributed.cpp:112] [78, 16384, 1745.82, 2648, 0]
I0219 13:29:27.120296 66221 distributed.cpp:112] [79, 64, 1745.82, 0, 0]
I0219 13:29:27.120301 66221 distributed.cpp:112] [80, 51200, 1556.86, 1728, 0]
I0219 13:29:27.120307 66221 distributed.cpp:112] [81, 64, 1556.86, 0, 0]
I0219 13:29:27.120313 66221 distributed.cpp:112] [82, 32768, 2292.83, 2323, 0]
I0219 13:29:27.120319 66221 distributed.cpp:112] [83, 64, 2292.83, 0, 0]
I0219 13:29:27.120326 66221 distributed.cpp:112] [84, 67584, 1424.9, 4290, 0]
I0219 13:29:27.120332 66221 distributed.cpp:112] [85, 128, 1424.9, 0, 0]
I0219 13:29:27.120337 66221 distributed.cpp:112] [86, 2097152, 703.968, 33543, 0]
I0219 13:29:27.120344 66221 distributed.cpp:112] [87, 1024, 703.968, 0, 0]
I0219 13:29:27.120355 66221 distributed.cpp:112] [88, 1024000, 469.76, 14767, 0]
I0219 13:29:27.120362 66221 distributed.cpp:112] [89, 1024, 469.76, 0, 0]
I0219 13:29:27.120368 66221 distributed.cpp:112] [90, 135168, 5788.32, 3733, 0]
I0219 13:29:27.120374 66221 distributed.cpp:112] [91, 256, 5788.32, 0, 0]
I0219 13:29:27.120380 66221 distributed.cpp:112] [92, 84480, 4642.24, 2305, 0]
I0219 13:29:27.120388 66221 distributed.cpp:112] [93, 192, 4642.24, 0, 0]
I0219 13:29:27.120393 66221 distributed.cpp:112] [94, 460800, 5166.24, 7875, 0]
I0219 13:29:27.120399 66221 distributed.cpp:112] [95, 320, 5166.24, 0, 0]
I0219 13:29:27.120405 66221 distributed.cpp:112] [96, 16896, 3048.51, 1176, 0]
I0219 13:29:27.120412 66221 distributed.cpp:112] [97, 64, 3048.51, 0, 0]
I0219 13:29:27.120417 66221 distributed.cpp:112] [98, 102400, 2581.73, 2606, 0]
I0219 13:29:27.120424 66221 distributed.cpp:112] [99, 128, 2581.73, 0, 0]
I0219 13:29:27.120430 66221 distributed.cpp:112] [100, 67584, 3296.7, 2189, 0]
I0219 13:29:27.120436 66221 distributed.cpp:112] [101, 128, 3296.7, 0, 0]
I0219 13:29:27.120442 66221 distributed.cpp:112] [102, 212992, 3990.82, 5104, 0]
I0219 13:29:27.120448 66221 distributed.cpp:112] [103, 256, 3990.82, 0, 0]
I0219 13:29:27.120455 66221 distributed.cpp:112] [104, 133120, 3214.59, 4124, 0]
I0219 13:29:27.120461 66221 distributed.cpp:112] [105, 192, 3214.59, 0, 0]
I0219 13:29:27.120467 66221 distributed.cpp:112] [106, 460800, 2036.86, 7695, 0]
I0219 13:29:27.120473 66221 distributed.cpp:112] [107, 320, 2036.86, 0, 0]
I0219 13:29:27.120479 66221 distributed.cpp:112] [108, 26624, 1212.67, 2101, 0]
I0219 13:29:27.120486 66221 distributed.cpp:112] [109, 64, 1212.67, 0, 0]
I0219 13:29:27.120491 66221 distributed.cpp:112] [110, 102400, 1015.55, 2479, 0]
I0219 13:29:27.120498 66221 distributed.cpp:112] [111, 128, 1015.55, 0, 0]
I0219 13:29:27.120504 66221 distributed.cpp:112] [112, 106496, 2499.81, 2584, 0]
I0219 13:29:27.120510 66221 distributed.cpp:112] [113, 128, 2499.81, 0, 0]
I0219 13:29:27.120517 66221 distributed.cpp:112] [114, 319488, 2876.35, 6935, 0]
I0219 13:29:27.120522 66221 distributed.cpp:112] [115, 384, 2876.35, 0, 0]
I0219 13:29:27.120528 66221 distributed.cpp:112] [116, 159744, 3467.62, 4042, 0]
I0219 13:29:27.120534 66221 distributed.cpp:112] [117, 192, 3467.62, 0, 0]
I0219 13:29:27.120540 66221 distributed.cpp:112] [118, 663552, 2355.17, 10912, 0]
I0219 13:29:27.120548 66221 distributed.cpp:112] [119, 384, 2355.17, 0, 0]
I0219 13:29:27.120553 66221 distributed.cpp:112] [120, 39936, 1420, 2515, 0]
I0219 13:29:27.120559 66221 distributed.cpp:112] [121, 64, 1420, 0, 0]
I0219 13:29:27.120565 66221 distributed.cpp:112] [122, 153600, 1250.91, 4383, 0]
I0219 13:29:27.120573 66221 distributed.cpp:112] [123, 128, 1250.91, 0, 0]
I0219 13:29:27.120577 66221 distributed.cpp:112] [124, 106496, 2564.19, 2782, 0]
I0219 13:29:27.120584 66221 distributed.cpp:112] [125, 128, 2564.19, 0, 0]
I0219 13:29:27.120590 66221 distributed.cpp:112] [126, 1024000, 461.088, 24282, 0]
I0219 13:29:27.120596 66221 distributed.cpp:112] [127, 1024, 461.088, 0, 0]
I0219 13:29:33.944887 66221 distributed.cpp:112] [0, 9408, 15143.7, 1169, 1231]
I0219 13:29:33.944905 66221 distributed.cpp:112] [1, 64, 15143.7, 0, 0]
I0219 13:29:33.944916 66221 distributed.cpp:112] [2, 4096, 3825.38, 1071, 1242]
I0219 13:29:33.944924 66221 distributed.cpp:112] [3, 64, 3825.38, 0, 0]
I0219 13:29:33.944929 66221 distributed.cpp:112] [4, 110592, 21038.8, 2622, 2405]
I0219 13:29:33.944936 66221 distributed.cpp:112] [5, 192, 21038.8, 0, 0]
I0219 13:29:33.944939 66221 distributed.cpp:112] [6, 12288, 2641.02, 1662, 1278]
I0219 13:29:33.944945 66221 distributed.cpp:112] [7, 64, 2641.02, 0, 0]
I0219 13:29:33.944949 66221 distributed.cpp:112] [8, 18432, 3080.61, 1329, 1359]
I0219 13:29:33.944955 66221 distributed.cpp:112] [9, 128, 3080.61, 0, 0]
I0219 13:29:33.944959 66221 distributed.cpp:112] [10, 110592, 6052.77, 2232, 2583]
I0219 13:29:33.944965 66221 distributed.cpp:112] [11, 128, 6052.77, 0, 0]
I0219 13:29:33.944969 66221 distributed.cpp:112] [12, 3072, 1952.83, 1166, 1086]
I0219 13:29:33.944974 66221 distributed.cpp:112] [13, 64, 1952.83, 0, 0]
I0219 13:29:33.944979 66221 distributed.cpp:112] [14, 12800, 1119.52, 1246, 1598]
I0219 13:29:33.944984 66221 distributed.cpp:112] [15, 64, 1119.52, 0, 0]
I0219 13:29:33.944989 66221 distributed.cpp:112] [16, 6144, 2047.23, 1252, 1010]
I0219 13:29:33.944994 66221 distributed.cpp:112] [17, 64, 2047.23, 0, 0]
I0219 13:29:33.944998 66221 distributed.cpp:112] [18, 32768, 4329.54, 1895, 1685]
I0219 13:29:33.945004 66221 distributed.cpp:112] [19, 128, 4329.54, 0, 0]
I0219 13:29:33.945008 66221 distributed.cpp:112] [20, 32768, 4242.4, 1522, 1569]
I0219 13:29:33.945015 66221 distributed.cpp:112] [21, 128, 4242.4, 0, 0]
I0219 13:29:33.945020 66221 distributed.cpp:112] [22, 221184, 7513.63, 4866, 4466]
I0219 13:29:33.945025 66221 distributed.cpp:112] [23, 192, 7513.63, 0, 0]
I0219 13:29:33.945030 66221 distributed.cpp:112] [24, 8192, 2643.9, 1437, 1083]
I0219 13:29:33.945036 66221 distributed.cpp:112] [25, 64, 2643.9, 0, 0]
I0219 13:29:33.945047 66221 distributed.cpp:112] [26, 76800, 3101.5, 1913, 2613]
I0219 13:29:33.945053 66221 distributed.cpp:112] [27, 128, 3101.5, 0, 0]
I0219 13:29:33.945058 66221 distributed.cpp:112] [28, 16384, 3380.64, 1953, 1254]
I0219 13:29:33.945063 66221 distributed.cpp:112] [29, 64, 3380.64, 0, 0]
I0219 13:29:33.945068 66221 distributed.cpp:112] [30, 92160, 4733.76, 2162, 2455]
I0219 13:29:33.945073 66221 distributed.cpp:112] [31, 192, 4733.76, 0, 0]
I0219 13:29:33.945078 66221 distributed.cpp:112] [32, 46080, 2681.41, 1792, 4752]
I0219 13:29:33.945083 66221 distributed.cpp:112] [33, 128, 2681.41, 0, 0]
I0219 13:29:33.945088 66221 distributed.cpp:112] [34, 179712, 5296.16, 4133, 4153]
I0219 13:29:33.945104 66221 distributed.cpp:112] [35, 256, 5296.16, 0, 0]
I0219 13:29:33.945109 66221 distributed.cpp:112] [36, 7680, 1470.69, 7343, 1594]
I0219 13:29:33.945114 66221 distributed.cpp:112] [37, 64, 1470.69, 36, 51]
I0219 13:29:33.945119 66221 distributed.cpp:112] [38, 19200, 871.456, 4525, 1201]
I0219 13:29:33.945127 66221 distributed.cpp:112] [39, 64, 871.456, 0, 0]
I0219 13:29:33.945130 66221 distributed.cpp:112] [40, 30720, 2137.12, 4882, 4756]
I0219 13:29:33.945137 66221 distributed.cpp:112] [41, 64, 2137.12, 0, 0]
I0219 13:29:33.945142 66221 distributed.cpp:112] [42, 65536, 1476.58, 4155, 5320]
I0219 13:29:33.945147 66221 distributed.cpp:112] [43, 128, 1476.58, 0, 0]
I0219 13:29:33.945152 66221 distributed.cpp:112] [44, 2097152, 703.008, 32739, 32246]
I0219 13:29:33.945156 66221 distributed.cpp:112] [45, 1024, 703.008, 0, 0]
I0219 13:29:33.945161 66221 distributed.cpp:112] [46, 1024000, 460.512, 15577, 17069]
I0219 13:29:33.945166 66221 distributed.cpp:112] [47, 1024, 460.512, 0, 0]
I0219 13:29:33.945171 66221 distributed.cpp:112] [48, 81920, 4075.14, 2766, 2826]
I0219 13:29:33.945176 66221 distributed.cpp:112] [49, 192, 4075.14, 0, 0]
I0219 13:29:33.945180 66221 distributed.cpp:112] [50, 57344, 2911.97, 1958, 2307]
I0219 13:29:33.945189 66221 distributed.cpp:112] [51, 128, 2911.97, 0, 0]
I0219 13:29:33.945199 66221 distributed.cpp:112] [52, 225792, 3050.18, 4896, 4870]
I0219 13:29:33.945210 66221 distributed.cpp:112] [53, 256, 3050.18, 0, 0]
I0219 13:29:33.945219 66221 distributed.cpp:112] [54, 12288, 1793.25, 2425, 1974]
I0219 13:29:33.945230 66221 distributed.cpp:112] [55, 64, 1793.25, 0, 0]
I0219 13:29:33.945240 66221 distributed.cpp:112] [56, 38400, 1612.45, 1967, 1785]
I0219 13:29:33.945250 66221 distributed.cpp:112] [57, 64, 1612.45, 0, 0]
I0219 13:29:33.945261 66221 distributed.cpp:112] [58, 32768, 2221.54, 1571, 1969]
I0219 13:29:33.945271 66221 distributed.cpp:112] [59, 64, 2221.54, 0, 0]
I0219 13:29:33.945281 66221 distributed.cpp:112] [60, 65536, 3096.32, 2600, 3208]
I0219 13:29:33.945291 66221 distributed.cpp:112] [61, 128, 3096.32, 0, 0]
I0219 13:29:33.945300 66221 distributed.cpp:112] [62, 65536, 3116.74, 2365, 2068]
I0219 13:29:33.945307 66221 distributed.cpp:112] [63, 128, 3116.74, 0, 0]
I0219 13:29:33.945312 66221 distributed.cpp:112] [64, 294912, 3534.24, 7298, 7970]
I0219 13:29:33.945317 66221 distributed.cpp:112] [65, 256, 3534.24, 0, 0]
I0219 13:29:33.945322 66221 distributed.cpp:112] [66, 12288, 1673.63, 1937, 1895]
I0219 13:29:33.945327 66221 distributed.cpp:112] [67, 64, 1673.63, 0, 0]
I0219 13:29:33.945333 66221 distributed.cpp:112] [68, 38400, 1461.28, 2034, 1852]
I0219 13:29:33.945338 66221 distributed.cpp:112] [69, 64, 1461.28, 0, 0]
I0219 13:29:33.945348 66221 distributed.cpp:112] [70, 32768, 2246.59, 2848, 3109]
I0219 13:29:33.945358 66221 distributed.cpp:112] [71, 64, 2246.59, 0, 0]
I0219 13:29:33.945363 66221 distributed.cpp:112] [72, 57344, 2735.94, 1875, 2358]
I0219 13:29:33.945370 66221 distributed.cpp:112] [73, 128, 2735.94, 0, 0]
I0219 13:29:33.945379 66221 distributed.cpp:112] [74, 73728, 3884.7, 3165, 2839]
I0219 13:29:33.945390 66221 distributed.cpp:112] [75, 192, 3884.7, 0, 0]
I0219 13:29:33.945400 66221 distributed.cpp:112] [76, 373248, 4892.67, 7233, 8771]
I0219 13:29:33.945411 66221 distributed.cpp:112] [77, 320, 4892.67, 0, 0]
I0219 13:29:33.945422 66221 distributed.cpp:112] [78, 16384, 1745.82, 2648, 1795]
I0219 13:29:33.945432 66221 distributed.cpp:112] [79, 64, 1745.82, 0, 0]
I0219 13:29:33.945442 66221 distributed.cpp:112] [80, 51200, 1556.86, 1728, 1709]
I0219 13:29:33.945449 66221 distributed.cpp:112] [81, 64, 1556.86, 0, 0]
I0219 13:29:33.945457 66221 distributed.cpp:112] [82, 32768, 2292.83, 2323, 3527]
I0219 13:29:33.945468 66221 distributed.cpp:112] [83, 64, 2292.83, 0, 0]
I0219 13:29:33.945477 66221 distributed.cpp:112] [84, 67584, 1424.9, 4290, 6401]
I0219 13:29:33.945488 66221 distributed.cpp:112] [85, 128, 1424.9, 0, 0]
I0219 13:29:33.945498 66221 distributed.cpp:112] [86, 2097152, 703.968, 33543, 30288]
I0219 13:29:33.945508 66221 distributed.cpp:112] [87, 1024, 703.968, 0, 0]
I0219 13:29:33.945530 66221 distributed.cpp:112] [88, 1024000, 469.76, 14767, 14266]
I0219 13:29:33.945542 66221 distributed.cpp:112] [89, 1024, 469.76, 0, 0]
I0219 13:29:33.945550 66221 distributed.cpp:112] [90, 135168, 5788.32, 3733, 4017]
I0219 13:29:33.945560 66221 distributed.cpp:112] [91, 256, 5788.32, 0, 0]
I0219 13:29:33.945569 66221 distributed.cpp:112] [92, 84480, 4642.24, 2305, 2098]
I0219 13:29:33.945580 66221 distributed.cpp:112] [93, 192, 4642.24, 0, 0]
I0219 13:29:33.945592 66221 distributed.cpp:112] [94, 460800, 5166.24, 7875, 7699]
I0219 13:29:33.945610 66221 distributed.cpp:112] [95, 320, 5166.24, 0, 0]
I0219 13:29:33.945621 66221 distributed.cpp:112] [96, 16896, 3048.51, 1176, 1805]
I0219 13:29:33.945631 66221 distributed.cpp:112] [97, 64, 3048.51, 0, 0]
I0219 13:29:33.945641 66221 distributed.cpp:112] [98, 102400, 2581.73, 2606, 2379]
I0219 13:29:33.945652 66221 distributed.cpp:112] [99, 128, 2581.73, 0, 0]
I0219 13:29:33.945664 66221 distributed.cpp:112] [100, 67584, 3296.7, 2189, 1900]
I0219 13:29:33.945674 66221 distributed.cpp:112] [101, 128, 3296.7, 0, 0]
I0219 13:29:33.945683 66221 distributed.cpp:112] [102, 212992, 3990.82, 5104, 4743]
I0219 13:29:33.945693 66221 distributed.cpp:112] [103, 256, 3990.82, 0, 0]
I0219 13:29:33.945703 66221 distributed.cpp:112] [104, 133120, 3214.59, 4124, 3898]
I0219 13:29:33.945713 66221 distributed.cpp:112] [105, 192, 3214.59, 0, 0]
I0219 13:29:33.945721 66221 distributed.cpp:112] [106, 460800, 2036.86, 7695, 7179]
I0219 13:29:33.945731 66221 distributed.cpp:112] [107, 320, 2036.86, 0, 0]
I0219 13:29:33.945741 66221 distributed.cpp:112] [108, 26624, 1212.67, 2101, 1930]
I0219 13:29:33.945751 66221 distributed.cpp:112] [109, 64, 1212.67, 0, 0]
I0219 13:29:33.945761 66221 distributed.cpp:112] [110, 102400, 1015.55, 2479, 2860]
I0219 13:29:33.945772 66221 distributed.cpp:112] [111, 128, 1015.55, 0, 0]
I0219 13:29:33.945782 66221 distributed.cpp:112] [112, 106496, 2499.81, 2584, 2354]
I0219 13:29:33.945793 66221 distributed.cpp:112] [113, 128, 2499.81, 0, 0]
I0219 13:29:33.945803 66221 distributed.cpp:112] [114, 319488, 2876.35, 6935, 6069]
I0219 13:29:33.945813 66221 distributed.cpp:112] [115, 384, 2876.35, 0, 0]
I0219 13:29:33.945824 66221 distributed.cpp:112] [116, 159744, 3467.62, 4042, 4151]
I0219 13:29:33.945835 66221 distributed.cpp:112] [117, 192, 3467.62, 0, 0]
I0219 13:29:33.945845 66221 distributed.cpp:112] [118, 663552, 2355.17, 10912, 10878]
I0219 13:29:33.945854 66221 distributed.cpp:112] [119, 384, 2355.17, 0, 0]
I0219 13:29:33.945859 66221 distributed.cpp:112] [120, 39936, 1420, 2515, 2190]
I0219 13:29:33.945864 66221 distributed.cpp:112] [121, 64, 1420, 0, 0]
I0219 13:29:33.945869 66221 distributed.cpp:112] [122, 153600, 1250.91, 4383, 4059]
I0219 13:29:33.945874 66221 distributed.cpp:112] [123, 128, 1250.91, 0, 0]
I0219 13:29:33.945879 66221 distributed.cpp:112] [124, 106496, 2564.19, 2782, 2727]
I0219 13:29:33.945884 66221 distributed.cpp:112] [125, 128, 2564.19, 0, 0]
I0219 13:29:33.945890 66221 distributed.cpp:112] [126, 1024000, 461.088, 24282, 16859]
I0219 13:29:33.945916 66221 distributed.cpp:112] [127, 1024, 461.088, 0, 0]
