I0207 16:23:08.165047 35803 distributed.cpp:112] [0, 9408, 14744.1, 408]
I0207 16:23:08.165074 35803 distributed.cpp:112] [1, 64, 14744.1, 139]
I0207 16:23:08.165084 35803 distributed.cpp:112] [2, 4096, 3778.78, 344]
I0207 16:23:08.165136 35803 distributed.cpp:112] [3, 64, 3778.78, 165]
I0207 16:23:08.165159 35803 distributed.cpp:112] [4, 110592, 20400, 1265]
I0207 16:23:08.165169 35803 distributed.cpp:112] [5, 192, 20400, 186]
I0207 16:23:08.165186 35803 distributed.cpp:112] [6, 12288, 2618.5, 798]
I0207 16:23:08.165195 35803 distributed.cpp:112] [7, 64, 2618.5, 160]
I0207 16:23:08.165205 35803 distributed.cpp:112] [8, 18432, 2918.11, 1023]
I0207 16:23:08.165215 35803 distributed.cpp:112] [9, 128, 2918.11, 154]
I0207 16:23:08.165225 35803 distributed.cpp:112] [10, 110592, 6027.2, 1720]
I0207 16:23:08.165235 35803 distributed.cpp:112] [11, 128, 6027.2, 175]
I0207 16:23:08.165243 35803 distributed.cpp:112] [12, 3072, 1898.88, 816]
I0207 16:23:08.165252 35803 distributed.cpp:112] [13, 64, 1898.88, 176]
I0207 16:23:08.165261 35803 distributed.cpp:112] [14, 12800, 1076.7, 824]
I0207 16:23:08.165271 35803 distributed.cpp:112] [15, 64, 1076.7, 178]
I0207 16:23:08.165278 35803 distributed.cpp:112] [16, 6144, 1952.67, 865]
I0207 16:23:08.165287 35803 distributed.cpp:112] [17, 64, 1952.67, 389]
I0207 16:23:08.165297 35803 distributed.cpp:112] [18, 32768, 4281.7, 2507]
I0207 16:23:08.165305 35803 distributed.cpp:112] [19, 128, 4281.7, 1467]
I0207 16:23:08.165314 35803 distributed.cpp:112] [20, 32768, 4250.3, 1916]
I0207 16:23:08.165323 35803 distributed.cpp:112] [21, 128, 4250.3, 151]
I0207 16:23:08.165338 35803 distributed.cpp:112] [22, 221184, 7381.02, 3197]
I0207 16:23:08.165347 35803 distributed.cpp:112] [23, 192, 7381.02, 158]
I0207 16:23:08.165355 35803 distributed.cpp:112] [24, 8192, 2559.49, 1449]
I0207 16:23:08.165364 35803 distributed.cpp:112] [25, 64, 2559.49, 147]
I0207 16:23:08.165374 35803 distributed.cpp:112] [26, 76800, 3027.74, 1325]
I0207 16:23:08.165382 35803 distributed.cpp:112] [27, 128, 3027.74, 105]
I0207 16:23:08.165391 35803 distributed.cpp:112] [28, 16384, 3792.7, 302]
I0207 16:23:08.165400 35803 distributed.cpp:112] [29, 64, 3792.7, 113]
I0207 16:23:08.165408 35803 distributed.cpp:112] [30, 92160, 4318.98, 915]
I0207 16:23:08.165417 35803 distributed.cpp:112] [31, 192, 4318.98, 121]
I0207 16:23:08.165426 35803 distributed.cpp:112] [32, 46080, 2620.58, 563]
I0207 16:23:08.165436 35803 distributed.cpp:112] [33, 128, 2620.58, 175]
I0207 16:23:08.165443 35803 distributed.cpp:112] [34, 179712, 2939.07, 1492]
I0207 16:23:08.165452 35803 distributed.cpp:112] [35, 256, 2939.07, 206]
I0207 16:23:08.165462 35803 distributed.cpp:112] [36, 7680, 2621.82, 224]
I0207 16:23:08.165470 35803 distributed.cpp:112] [37, 64, 2621.82, 112]
I0207 16:23:08.165479 35803 distributed.cpp:112] [38, 19200, 858.88, 1684]
I0207 16:23:08.165488 35803 distributed.cpp:112] [39, 64, 858.88, 579]
I0207 16:23:08.165496 35803 distributed.cpp:112] [40, 30720, 2120.06, 423]
I0207 16:23:08.165505 35803 distributed.cpp:112] [41, 64, 2120.06, 93]
I0207 16:23:08.165514 35803 distributed.cpp:112] [42, 65536, 1471.39, 2045]
I0207 16:23:08.165524 35803 distributed.cpp:112] [43, 128, 1471.39, 141]
I0207 16:23:08.165532 35803 distributed.cpp:112] [44, 2097152, 707.904, 15059]
I0207 16:23:08.165542 35803 distributed.cpp:112] [45, 1024, 707.904, 257]
I0207 16:23:08.165551 35803 distributed.cpp:112] [46, 1024000, 469.504, 6970]
I0207 16:23:08.165560 35803 distributed.cpp:112] [47, 1024, 469.504, 335]
I0207 16:23:08.165570 35803 distributed.cpp:112] [48, 81920, 4005.89, 4176]
I0207 16:23:08.165578 35803 distributed.cpp:112] [49, 192, 4005.89, 395]
I0207 16:23:08.165587 35803 distributed.cpp:112] [50, 57344, 3073.66, 1747]
I0207 16:23:08.165596 35803 distributed.cpp:112] [51, 128, 3073.66, 161]
I0207 16:23:08.165606 35803 distributed.cpp:112] [52, 225792, 3054.11, 4584]
I0207 16:23:08.165614 35803 distributed.cpp:112] [53, 256, 3054.11, 198]
I0207 16:23:08.165622 35803 distributed.cpp:112] [54, 12288, 1722.78, 1262]
I0207 16:23:08.165632 35803 distributed.cpp:112] [55, 64, 1722.78, 206]
I0207 16:23:08.165640 35803 distributed.cpp:112] [56, 38400, 1407.97, 3399]
I0207 16:23:08.165650 35803 distributed.cpp:112] [57, 64, 1407.97, 140]
I0207 16:23:08.165689 35803 distributed.cpp:112] [58, 32768, 2188.29, 3235]
I0207 16:23:08.165710 35803 distributed.cpp:112] [59, 64, 2188.29, 171]
I0207 16:23:08.165719 35803 distributed.cpp:112] [60, 65536, 3025.79, 3164]
I0207 16:23:08.165729 35803 distributed.cpp:112] [61, 128, 3025.79, 151]
I0207 16:23:08.165736 35803 distributed.cpp:112] [62, 65536, 3129.18, 901]
I0207 16:23:08.165745 35803 distributed.cpp:112] [63, 128, 3129.18, 103]
I0207 16:23:08.165755 35803 distributed.cpp:112] [64, 294912, 3398.88, 2353]
I0207 16:23:08.165763 35803 distributed.cpp:112] [65, 256, 3398.88, 208]
I0207 16:23:08.165772 35803 distributed.cpp:112] [66, 12288, 1797.18, 1007]
I0207 16:23:08.165781 35803 distributed.cpp:112] [67, 64, 1797.18, 196]
I0207 16:23:08.165789 35803 distributed.cpp:112] [68, 38400, 1437.95, 1175]
I0207 16:23:08.165798 35803 distributed.cpp:112] [69, 64, 1437.95, 425]
I0207 16:23:08.165807 35803 distributed.cpp:112] [70, 32768, 2492.86, 551]
I0207 16:23:08.165815 35803 distributed.cpp:112] [71, 64, 2492.86, 186]
I0207 16:23:08.165824 35803 distributed.cpp:112] [72, 57344, 2701.15, 617]
I0207 16:23:08.165833 35803 distributed.cpp:112] [73, 128, 2701.15, 242]
I0207 16:23:08.165843 35803 distributed.cpp:112] [74, 73728, 3810.69, 791]
I0207 16:23:08.165850 35803 distributed.cpp:112] [75, 192, 3810.69, 141]
I0207 16:23:08.165859 35803 distributed.cpp:112] [76, 373248, 4847.01, 3081]
I0207 16:23:08.165868 35803 distributed.cpp:112] [77, 320, 4847.01, 235]
I0207 16:23:08.165877 35803 distributed.cpp:112] [78, 16384, 2034.18, 443]
I0207 16:23:08.165885 35803 distributed.cpp:112] [79, 64, 2034.18, 199]
I0207 16:23:08.165894 35803 distributed.cpp:112] [80, 51200, 1587.68, 822]
I0207 16:23:08.165904 35803 distributed.cpp:112] [81, 64, 1587.68, 154]
I0207 16:23:08.165912 35803 distributed.cpp:112] [82, 32768, 2302.34, 547]
I0207 16:23:08.165921 35803 distributed.cpp:112] [83, 64, 2302.34, 100]
I0207 16:23:08.165930 35803 distributed.cpp:112] [84, 67584, 1753.7, 1059]
I0207 16:23:08.165940 35803 distributed.cpp:112] [85, 128, 1753.7, 144]
I0207 16:23:08.165948 35803 distributed.cpp:112] [86, 2097152, 707.392, 16084]
I0207 16:23:08.165957 35803 distributed.cpp:112] [87, 1024, 707.392, 308]
I0207 16:23:08.165966 35803 distributed.cpp:112] [88, 1024000, 466.88, 10060]
I0207 16:23:08.165974 35803 distributed.cpp:112] [89, 1024, 466.88, 391]
I0207 16:23:08.165983 35803 distributed.cpp:112] [90, 135168, 5857.86, 2442]
I0207 16:23:08.165992 35803 distributed.cpp:112] [91, 256, 5857.86, 162]
I0207 16:23:08.166002 35803 distributed.cpp:112] [92, 84480, 4419.62, 2492]
I0207 16:23:08.166009 35803 distributed.cpp:112] [93, 192, 4419.62, 350]
I0207 16:23:08.166018 35803 distributed.cpp:112] [94, 460800, 5077.73, 3384]
I0207 16:23:08.166028 35803 distributed.cpp:112] [95, 320, 5077.73, 227]
I0207 16:23:08.166036 35803 distributed.cpp:112] [96, 16896, 1812.29, 844]
I0207 16:23:08.166044 35803 distributed.cpp:112] [97, 64, 1812.29, 108]
I0207 16:23:08.166054 35803 distributed.cpp:112] [98, 102400, 2574.21, 965]
I0207 16:23:08.166062 35803 distributed.cpp:112] [99, 128, 2574.21, 185]
I0207 16:23:08.166071 35803 distributed.cpp:112] [100, 67584, 3334.08, 796]
I0207 16:23:08.166080 35803 distributed.cpp:112] [101, 128, 3334.08, 144]
I0207 16:23:08.166095 35803 distributed.cpp:112] [102, 212992, 3971.46, 1706]
I0207 16:23:08.166105 35803 distributed.cpp:112] [103, 256, 3971.46, 729]
I0207 16:23:08.166113 35803 distributed.cpp:112] [104, 133120, 3201.18, 1329]
I0207 16:23:08.166122 35803 distributed.cpp:112] [105, 192, 3201.18, 149]
I0207 16:23:08.166131 35803 distributed.cpp:112] [106, 460800, 2031.62, 3736]
I0207 16:23:08.166139 35803 distributed.cpp:112] [107, 320, 2031.62, 1389]
I0207 16:23:08.166148 35803 distributed.cpp:112] [108, 26624, 1202.37, 471]
I0207 16:23:08.166157 35803 distributed.cpp:112] [109, 64, 1202.37, 108]
I0207 16:23:08.166165 35803 distributed.cpp:112] [110, 102400, 1047.2, 1023]
I0207 16:23:08.166174 35803 distributed.cpp:112] [111, 128, 1047.2, 244]
I0207 16:23:08.166183 35803 distributed.cpp:112] [112, 106496, 2573.66, 1350]
I0207 16:23:08.166208 35803 distributed.cpp:112] [113, 128, 2573.66, 101]
I0207 16:23:08.166218 35803 distributed.cpp:112] [114, 319488, 2842.02, 2602]
I0207 16:23:08.166227 35803 distributed.cpp:112] [115, 384, 2842.02, 258]
I0207 16:23:08.166236 35803 distributed.cpp:112] [116, 159744, 3531.36, 1468]
I0207 16:23:08.166245 35803 distributed.cpp:112] [117, 192, 3531.36, 213]
I0207 16:23:08.166254 35803 distributed.cpp:112] [118, 663552, 2372, 4861]
I0207 16:23:08.166263 35803 distributed.cpp:112] [119, 384, 2372, 420]
I0207 16:23:08.166271 35803 distributed.cpp:112] [120, 39936, 1658.56, 762]
I0207 16:23:08.166281 35803 distributed.cpp:112] [121, 64, 1658.56, 174]
I0207 16:23:08.166290 35803 distributed.cpp:112] [122, 153600, 1257.98, 1457]
I0207 16:23:08.166298 35803 distributed.cpp:112] [123, 128, 1257.98, 209]
I0207 16:23:08.166307 35803 distributed.cpp:112] [124, 106496, 2528.67, 1097]
I0207 16:23:08.166316 35803 distributed.cpp:112] [125, 128, 2528.67, 466]
I0207 16:23:08.166326 35803 distributed.cpp:112] [126, 1024000, 456.416, 8291]
I0207 16:23:08.166334 35803 distributed.cpp:112] [127, 1024, 456.416, 606]
